mode: set
github.com/ethereum/go-ethereum/core/vm/vm_jit_fake.go:23.47,26.2 2 0
github.com/ethereum/go-ethereum/core/vm/analysis.go:33.82,36.32 1 0
github.com/ethereum/go-ethereum/core/vm/analysis.go:39.2,40.15 2 0
github.com/ethereum/go-ethereum/core/vm/analysis.go:44.2,45.11 2 0
github.com/ethereum/go-ethereum/core/vm/analysis.go:36.32,38.3 1 0
github.com/ethereum/go-ethereum/core/vm/analysis.go:40.15,43.3 2 0
github.com/ethereum/go-ethereum/core/vm/analysis.go:50.49,52.52 2 0
github.com/ethereum/go-ethereum/core/vm/analysis.go:62.2,62.10 1 0
github.com/ethereum/go-ethereum/core/vm/analysis.go:52.52,54.13 2 0
github.com/ethereum/go-ethereum/core/vm/analysis.go:55.3,57.11 2 0
github.com/ethereum/go-ethereum/core/vm/analysis.go:58.3,59.22 1 0
github.com/ethereum/go-ethereum/core/vm/jit.go:52.13,54.2 1 1
github.com/ethereum/go-ethereum/core/vm/jit.go:58.32,60.2 1 0
github.com/ethereum/go-ethereum/core/vm/jit.go:63.42,64.35 1 0
github.com/ethereum/go-ethereum/core/vm/jit.go:68.2,68.12 1 0
github.com/ethereum/go-ethereum/core/vm/jit.go:64.35,66.3 1 0
github.com/ethereum/go-ethereum/core/vm/jit.go:72.50,74.20 2 0
github.com/ethereum/go-ethereum/core/vm/jit.go:78.2,78.20 1 0
github.com/ethereum/go-ethereum/core/vm/jit.go:74.20,76.3 1 0
github.com/ethereum/go-ethereum/core/vm/jit.go:97.39,107.2 3 1
github.com/ethereum/go-ethereum/core/vm/jit.go:109.77,114.33 2 1
github.com/ethereum/go-ethereum/core/vm/jit.go:117.2,117.31 1 1
github.com/ethereum/go-ethereum/core/vm/jit.go:120.2,126.49 5 1
github.com/ethereum/go-ethereum/core/vm/jit.go:114.33,116.3 1 1
github.com/ethereum/go-ethereum/core/vm/jit.go:117.31,119.3 1 0
github.com/ethereum/go-ethereum/core/vm/jit.go:130.51,131.66 1 1
github.com/ethereum/go-ethereum/core/vm/jit.go:134.2,135.15 2 1
github.com/ethereum/go-ethereum/core/vm/jit.go:142.2,142.26 1 1
github.com/ethereum/go-ethereum/core/vm/jit.go:151.2,151.60 1 1
github.com/ethereum/go-ethereum/core/vm/jit.go:293.2,295.12 2 1
github.com/ethereum/go-ethereum/core/vm/jit.go:131.66,133.3 1 0
github.com/ethereum/go-ethereum/core/vm/jit.go:135.15,136.17 1 1
github.com/ethereum/go-ethereum/core/vm/jit.go:136.17,138.4 1 0
github.com/ethereum/go-ethereum/core/vm/jit.go:138.4,140.4 1 1
github.com/ethereum/go-ethereum/core/vm/jit.go:142.26,145.16 3 0
github.com/ethereum/go-ethereum/core/vm/jit.go:145.16,147.4 1 0
github.com/ethereum/go-ethereum/core/vm/jit.go:151.60,152.45 1 1
github.com/ethereum/go-ethereum/core/vm/jit.go:153.3,154.40 1 1
github.com/ethereum/go-ethereum/core/vm/jit.go:155.3,156.40 1 0
github.com/ethereum/go-ethereum/core/vm/jit.go:157.3,158.40 1 0
github.com/ethereum/go-ethereum/core/vm/jit.go:159.3,160.40 1 0
github.com/ethereum/go-ethereum/core/vm/jit.go:161.3,162.41 1 0
github.com/ethereum/go-ethereum/core/vm/jit.go:163.3,164.40 1 0
github.com/ethereum/go-ethereum/core/vm/jit.go:165.3,166.41 1 0
github.com/ethereum/go-ethereum/core/vm/jit.go:167.3,168.40 1 0
github.com/ethereum/go-ethereum/core/vm/jit.go:169.3,170.47 1 0
github.com/ethereum/go-ethereum/core/vm/jit.go:171.3,172.40 1 0
github.com/ethereum/go-ethereum/core/vm/jit.go:173.3,174.39 1 0
github.com/ethereum/go-ethereum/core/vm/jit.go:175.3,176.39 1 0
github.com/ethereum/go-ethereum/core/vm/jit.go:177.3,178.40 1 0
github.com/ethereum/go-ethereum/core/vm/jit.go:179.3,180.40 1 0
github.com/ethereum/go-ethereum/core/vm/jit.go:181.3,182.39 1 0
github.com/ethereum/go-ethereum/core/vm/jit.go:183.3,184.43 1 0
github.com/ethereum/go-ethereum/core/vm/jit.go:185.3,186.40 1 0
github.com/ethereum/go-ethereum/core/vm/jit.go:187.3,188.39 1 0
github.com/ethereum/go-ethereum/core/vm/jit.go:189.3,190.40 1 0
github.com/ethereum/go-ethereum/core/vm/jit.go:191.3,192.41 1 0
github.com/ethereum/go-ethereum/core/vm/jit.go:193.3,194.43 1 0
github.com/ethereum/go-ethereum/core/vm/jit.go:195.3,196.43 1 0
github.com/ethereum/go-ethereum/core/vm/jit.go:197.3,198.41 1 0
github.com/ethereum/go-ethereum/core/vm/jit.go:199.3,200.44 1 0
github.com/ethereum/go-ethereum/core/vm/jit.go:201.3,202.44 1 0
github.com/ethereum/go-ethereum/core/vm/jit.go:203.3,204.43 1 0
github.com/ethereum/go-ethereum/core/vm/jit.go:205.3,206.43 1 0
github.com/ethereum/go-ethereum/core/vm/jit.go:207.3,208.46 1 0
github.com/ethereum/go-ethereum/core/vm/jit.go:209.3,210.49 1 0
github.com/ethereum/go-ethereum/core/vm/jit.go:211.3,212.49 1 0
github.com/ethereum/go-ethereum/core/vm/jit.go:213.3,214.49 1 0
github.com/ethereum/go-ethereum/core/vm/jit.go:215.3,216.45 1 0
github.com/ethereum/go-ethereum/core/vm/jit.go:217.3,218.48 1 0
github.com/ethereum/go-ethereum/core/vm/jit.go:219.3,220.45 1 0
github.com/ethereum/go-ethereum/core/vm/jit.go:221.3,222.48 1 0
github.com/ethereum/go-ethereum/core/vm/jit.go:223.3,224.45 1 0
github.com/ethereum/go-ethereum/core/vm/jit.go:225.3,226.46 1 0
github.com/ethereum/go-ethereum/core/vm/jit.go:227.3,228.45 1 0
github.com/ethereum/go-ethereum/core/vm/jit.go:229.3,230.46 1 0
github.com/ethereum/go-ethereum/core/vm/jit.go:231.3,232.43 1 0
github.com/ethereum/go-ethereum/core/vm/jit.go:233.3,234.47 1 0
github.com/ethereum/go-ethereum/core/vm/jit.go:235.3,236.45 1 0
github.com/ethereum/go-ethereum/core/vm/jit.go:237.3,243.14 4 1
github.com/ethereum/go-ethereum/core/vm/jit.go:245.3,246.40 1 0
github.com/ethereum/go-ethereum/core/vm/jit.go:247.3,248.65 1 0
github.com/ethereum/go-ethereum/core/vm/jit.go:249.3,250.67 1 0
github.com/ethereum/go-ethereum/core/vm/jit.go:251.3,252.63 1 0
github.com/ethereum/go-ethereum/core/vm/jit.go:253.3,254.42 1 0
github.com/ethereum/go-ethereum/core/vm/jit.go:255.3,256.43 1 0
github.com/ethereum/go-ethereum/core/vm/jit.go:257.3,258.44 1 0
github.com/ethereum/go-ethereum/core/vm/jit.go:259.3,260.42 1 0
github.com/ethereum/go-ethereum/core/vm/jit.go:261.3,262.43 1 0
github.com/ethereum/go-ethereum/core/vm/jit.go:263.3,264.41 1 1
github.com/ethereum/go-ethereum/core/vm/jit.go:265.3,266.42 1 0
github.com/ethereum/go-ethereum/core/vm/jit.go:267.3,269.41 2 0
github.com/ethereum/go-ethereum/core/vm/jit.go:270.3,271.57 1 0
github.com/ethereum/go-ethereum/core/vm/jit.go:272.3,273.42 1 0
github.com/ethereum/go-ethereum/core/vm/jit.go:274.3,275.40 1 0
github.com/ethereum/go-ethereum/core/vm/jit.go:276.3,277.43 1 0
github.com/ethereum/go-ethereum/core/vm/jit.go:278.3,279.41 1 0
github.com/ethereum/go-ethereum/core/vm/jit.go:280.3,281.45 1 0
github.com/ethereum/go-ethereum/core/vm/jit.go:282.3,283.43 1 0
github.com/ethereum/go-ethereum/core/vm/jit.go:284.3,285.44 1 0
github.com/ethereum/go-ethereum/core/vm/jit.go:286.3,287.41 1 1
github.com/ethereum/go-ethereum/core/vm/jit.go:288.3,289.38 1 0
github.com/ethereum/go-ethereum/core/vm/jit.go:300.102,302.2 1 1
github.com/ethereum/go-ethereum/core/vm/jit.go:304.145,312.26 3 1
github.com/ethereum/go-ethereum/core/vm/jit.go:320.2,320.45 1 1
github.com/ethereum/go-ethereum/core/vm/jit.go:335.2,337.34 2 1
github.com/ethereum/go-ethereum/core/vm/jit.go:312.26,315.16 3 0
github.com/ethereum/go-ethereum/core/vm/jit.go:315.16,317.4 1 0
github.com/ethereum/go-ethereum/core/vm/jit.go:320.45,326.17 4 0
github.com/ethereum/go-ethereum/core/vm/jit.go:330.3,330.20 1 0
github.com/ethereum/go-ethereum/core/vm/jit.go:326.17,328.4 1 0
github.com/ethereum/go-ethereum/core/vm/jit.go:330.20,332.4 1 0
github.com/ethereum/go-ethereum/core/vm/jit.go:342.63,345.32 1 1
github.com/ethereum/go-ethereum/core/vm/jit.go:348.2,349.11 2 1
github.com/ethereum/go-ethereum/core/vm/jit.go:345.32,347.3 1 0
github.com/ethereum/go-ethereum/core/vm/jit.go:354.158,360.16 3 0
github.com/ethereum/go-ethereum/core/vm/jit.go:365.2,365.28 1 0
github.com/ethereum/go-ethereum/core/vm/jit.go:475.2,477.29 2 0
github.com/ethereum/go-ethereum/core/vm/jit.go:360.16,362.3 1 0
github.com/ethereum/go-ethereum/core/vm/jit.go:366.2,369.17 3 0
github.com/ethereum/go-ethereum/core/vm/jit.go:372.3,372.26 1 0
github.com/ethereum/go-ethereum/core/vm/jit.go:373.2,376.17 3 0
github.com/ethereum/go-ethereum/core/vm/jit.go:379.3,379.26 1 0
github.com/ethereum/go-ethereum/core/vm/jit.go:380.2,383.17 3 0
github.com/ethereum/go-ethereum/core/vm/jit.go:387.3,394.42 6 0
github.com/ethereum/go-ethereum/core/vm/jit.go:395.2,396.111 1 0
github.com/ethereum/go-ethereum/core/vm/jit.go:397.2,399.17 2 0
github.com/ethereum/go-ethereum/core/vm/jit.go:403.3,411.70 4 0
github.com/ethereum/go-ethereum/core/vm/jit.go:420.3,420.13 1 0
github.com/ethereum/go-ethereum/core/vm/jit.go:421.2,422.45 1 0
github.com/ethereum/go-ethereum/core/vm/jit.go:425.2,426.51 1 0
github.com/ethereum/go-ethereum/core/vm/jit.go:427.2,428.50 1 0
github.com/ethereum/go-ethereum/core/vm/jit.go:429.2,430.51 1 0
github.com/ethereum/go-ethereum/core/vm/jit.go:431.2,432.68 1 0
github.com/ethereum/go-ethereum/core/vm/jit.go:433.2,437.53 3 0
github.com/ethereum/go-ethereum/core/vm/jit.go:438.2,442.49 3 0
github.com/ethereum/go-ethereum/core/vm/jit.go:443.2,447.49 3 0
github.com/ethereum/go-ethereum/core/vm/jit.go:448.2,452.49 3 0
github.com/ethereum/go-ethereum/core/vm/jit.go:454.2,455.81 1 0
github.com/ethereum/go-ethereum/core/vm/jit.go:456.2,459.17 2 0
github.com/ethereum/go-ethereum/core/vm/jit.go:466.3,466.49 1 0
github.com/ethereum/go-ethereum/core/vm/jit.go:470.3,473.35 3 0
github.com/ethereum/go-ethereum/core/vm/jit.go:369.17,371.4 1 0
github.com/ethereum/go-ethereum/core/vm/jit.go:376.17,378.4 1 0
github.com/ethereum/go-ethereum/core/vm/jit.go:383.17,385.4 1 0
github.com/ethereum/go-ethereum/core/vm/jit.go:399.17,401.4 1 0
github.com/ethereum/go-ethereum/core/vm/jit.go:411.70,413.4 1 0
github.com/ethereum/go-ethereum/core/vm/jit.go:413.4,413.77 1 0
github.com/ethereum/go-ethereum/core/vm/jit.go:413.77,417.4 2 0
github.com/ethereum/go-ethereum/core/vm/jit.go:417.4,419.4 1 0
github.com/ethereum/go-ethereum/core/vm/jit.go:422.45,424.4 1 0
github.com/ethereum/go-ethereum/core/vm/jit.go:459.17,461.71 1 0
github.com/ethereum/go-ethereum/core/vm/jit.go:461.71,463.5 1 0
github.com/ethereum/go-ethereum/core/vm/jit.go:466.49,468.4 1 0
github.com/ethereum/go-ethereum/core/vm/jit.go:482.72,484.16 2 0
github.com/ethereum/go-ethereum/core/vm/jit.go:488.2,488.92 1 0
github.com/ethereum/go-ethereum/core/vm/jit.go:493.2,493.22 1 0
github.com/ethereum/go-ethereum/core/vm/jit.go:497.2,499.12 2 0
github.com/ethereum/go-ethereum/core/vm/jit.go:484.16,486.3 1 0
github.com/ethereum/go-ethereum/core/vm/jit.go:488.92,490.3 1 0
github.com/ethereum/go-ethereum/core/vm/jit.go:493.22,495.3 1 0
github.com/ethereum/go-ethereum/core/vm/log.go:41.92,43.2 1 0
github.com/ethereum/go-ethereum/core/vm/log.go:45.44,47.2 1 0
github.com/ethereum/go-ethereum/core/vm/log.go:49.46,55.39 2 0
github.com/ethereum/go-ethereum/core/vm/log.go:58.2,59.12 2 0
github.com/ethereum/go-ethereum/core/vm/log.go:55.39,57.3 1 0
github.com/ethereum/go-ethereum/core/vm/log.go:62.31,64.2 1 0
github.com/ethereum/go-ethereum/core/vm/vm.go:37.31,39.2 1 0
github.com/ethereum/go-ethereum/core/vm/vm.go:42.79,47.15 3 0
github.com/ethereum/go-ethereum/core/vm/vm.go:56.2,56.30 1 0
github.com/ethereum/go-ethereum/core/vm/vm.go:63.2,63.29 1 0
github.com/ethereum/go-ethereum/core/vm/vm.go:67.2,71.15 2 0
github.com/ethereum/go-ethereum/core/vm/vm.go:103.2,118.47 1 0
github.com/ethereum/go-ethereum/core/vm/vm.go:132.2,135.15 2 0
github.com/ethereum/go-ethereum/core/vm/vm.go:141.2,141.26 1 0
github.com/ethereum/go-ethereum/core/vm/vm.go:149.2,149.23 1 0
github.com/ethereum/go-ethereum/core/vm/vm.go:47.15,48.17 1 0
github.com/ethereum/go-ethereum/core/vm/vm.go:48.17,53.4 2 0
github.com/ethereum/go-ethereum/core/vm/vm.go:56.30,57.58 1 0
github.com/ethereum/go-ethereum/core/vm/vm.go:57.58,59.4 1 0
github.com/ethereum/go-ethereum/core/vm/vm.go:63.29,65.3 1 0
github.com/ethereum/go-ethereum/core/vm/vm.go:71.15,76.37 1 0
github.com/ethereum/go-ethereum/core/vm/vm.go:77.3,78.70 1 0
github.com/ethereum/go-ethereum/core/vm/vm.go:79.3,80.16 1 0
github.com/ethereum/go-ethereum/core/vm/vm.go:80.16,84.20 3 0
github.com/ethereum/go-ethereum/core/vm/vm.go:87.5,87.63 1 0
github.com/ethereum/go-ethereum/core/vm/vm.go:84.20,86.6 1 0
github.com/ethereum/go-ethereum/core/vm/vm.go:88.5,92.15 2 0
github.com/ethereum/go-ethereum/core/vm/vm.go:92.15,94.20 2 0
github.com/ethereum/go-ethereum/core/vm/vm.go:94.20,97.7 2 0
github.com/ethereum/go-ethereum/core/vm/vm.go:118.47,119.51 1 0
github.com/ethereum/go-ethereum/core/vm/vm.go:124.4,126.14 2 0
github.com/ethereum/go-ethereum/core/vm/vm.go:119.51,122.5 2 0
github.com/ethereum/go-ethereum/core/vm/vm.go:135.15,136.17 1 0
github.com/ethereum/go-ethereum/core/vm/vm.go:136.17,138.4 1 0
github.com/ethereum/go-ethereum/core/vm/vm.go:141.26,144.16 3 0
github.com/ethereum/go-ethereum/core/vm/vm.go:144.16,146.4 1 0
github.com/ethereum/go-ethereum/core/vm/vm.go:149.23,166.17 3 0
github.com/ethereum/go-ethereum/core/vm/vm.go:172.3,172.29 1 0
github.com/ethereum/go-ethereum/core/vm/vm.go:177.3,181.42 3 0
github.com/ethereum/go-ethereum/core/vm/vm.go:221.3,221.7 1 0
github.com/ethereum/go-ethereum/core/vm/vm.go:166.17,168.4 1 0
github.com/ethereum/go-ethereum/core/vm/vm.go:172.29,174.4 1 0
github.com/ethereum/go-ethereum/core/vm/vm.go:181.42,182.23 1 0
github.com/ethereum/go-ethereum/core/vm/vm.go:182.23,184.5 1 0
github.com/ethereum/go-ethereum/core/vm/vm.go:184.5,185.15 1 0
github.com/ethereum/go-ethereum/core/vm/vm.go:186.5,187.94 1 0
github.com/ethereum/go-ethereum/core/vm/vm.go:188.5,189.50 1 0
github.com/ethereum/go-ethereum/core/vm/vm.go:193.6,193.14 1 0
github.com/ethereum/go-ethereum/core/vm/vm.go:194.5,197.39 2 0
github.com/ethereum/go-ethereum/core/vm/vm.go:204.5,208.38 3 0
github.com/ethereum/go-ethereum/core/vm/vm.go:209.5,212.17 2 0
github.com/ethereum/go-ethereum/core/vm/vm.go:213.5,214.38 1 0
github.com/ethereum/go-ethereum/core/vm/vm.go:189.50,191.7 1 0
github.com/ethereum/go-ethereum/core/vm/vm.go:197.39,198.43 1 0
github.com/ethereum/go-ethereum/core/vm/vm.go:202.7,202.15 1 0
github.com/ethereum/go-ethereum/core/vm/vm.go:198.43,200.8 1 0
github.com/ethereum/go-ethereum/core/vm/vm.go:217.4,219.4 1 0
github.com/ethereum/go-ethereum/core/vm/vm.go:228.167,234.16 3 0
github.com/ethereum/go-ethereum/core/vm/vm.go:239.2,239.12 1 0
github.com/ethereum/go-ethereum/core/vm/vm.go:350.2,352.29 2 0
github.com/ethereum/go-ethereum/core/vm/vm.go:234.16,236.3 1 0
github.com/ethereum/go-ethereum/core/vm/vm.go:240.2,243.17 3 0
github.com/ethereum/go-ethereum/core/vm/vm.go:246.3,246.26 1 0
github.com/ethereum/go-ethereum/core/vm/vm.go:247.2,250.17 3 0
github.com/ethereum/go-ethereum/core/vm/vm.go:253.3,253.26 1 0
github.com/ethereum/go-ethereum/core/vm/vm.go:254.2,257.17 3 0
github.com/ethereum/go-ethereum/core/vm/vm.go:261.3,267.42 5 0
github.com/ethereum/go-ethereum/core/vm/vm.go:268.2,269.111 1 0
github.com/ethereum/go-ethereum/core/vm/vm.go:270.2,272.17 2 0
github.com/ethereum/go-ethereum/core/vm/vm.go:276.3,284.70 4 0
github.com/ethereum/go-ethereum/core/vm/vm.go:295.3,295.13 1 0
github.com/ethereum/go-ethereum/core/vm/vm.go:296.2,297.45 1 0
github.com/ethereum/go-ethereum/core/vm/vm.go:300.2,301.51 1 0
github.com/ethereum/go-ethereum/core/vm/vm.go:302.2,303.50 1 0
github.com/ethereum/go-ethereum/core/vm/vm.go:304.2,305.51 1 0
github.com/ethereum/go-ethereum/core/vm/vm.go:306.2,307.68 1 0
github.com/ethereum/go-ethereum/core/vm/vm.go:308.2,312.53 3 0
github.com/ethereum/go-ethereum/core/vm/vm.go:313.2,317.49 3 0
github.com/ethereum/go-ethereum/core/vm/vm.go:318.2,322.49 3 0
github.com/ethereum/go-ethereum/core/vm/vm.go:323.2,327.49 3 0
github.com/ethereum/go-ethereum/core/vm/vm.go:329.2,330.81 1 0
github.com/ethereum/go-ethereum/core/vm/vm.go:331.2,334.17 2 0
github.com/ethereum/go-ethereum/core/vm/vm.go:341.3,341.49 1 0
github.com/ethereum/go-ethereum/core/vm/vm.go:345.3,348.35 3 0
github.com/ethereum/go-ethereum/core/vm/vm.go:243.17,245.4 1 0
github.com/ethereum/go-ethereum/core/vm/vm.go:250.17,252.4 1 0
github.com/ethereum/go-ethereum/core/vm/vm.go:257.17,259.4 1 0
github.com/ethereum/go-ethereum/core/vm/vm.go:272.17,274.4 1 0
github.com/ethereum/go-ethereum/core/vm/vm.go:284.70,287.4 1 0
github.com/ethereum/go-ethereum/core/vm/vm.go:287.4,287.77 1 0
github.com/ethereum/go-ethereum/core/vm/vm.go:287.77,291.4 2 0
github.com/ethereum/go-ethereum/core/vm/vm.go:291.4,294.4 1 0
github.com/ethereum/go-ethereum/core/vm/vm.go:297.45,299.4 1 0
github.com/ethereum/go-ethereum/core/vm/vm.go:334.17,336.71 1 0
github.com/ethereum/go-ethereum/core/vm/vm.go:336.71,338.5 1 0
github.com/ethereum/go-ethereum/core/vm/vm.go:341.49,343.4 1 0
github.com/ethereum/go-ethereum/core/vm/vm.go:356.113,358.26 2 0
github.com/ethereum/go-ethereum/core/vm/vm.go:358.26,362.3 2 0
github.com/ethereum/go-ethereum/core/vm/vm.go:362.3,364.3 1 0
github.com/ethereum/go-ethereum/core/vm/vm.go:369.124,370.11 1 0
github.com/ethereum/go-ethereum/core/vm/vm.go:370.11,375.37 4 0
github.com/ethereum/go-ethereum/core/vm/vm.go:378.3,385.97 2 0
github.com/ethereum/go-ethereum/core/vm/vm.go:375.37,377.4 1 0
github.com/ethereum/go-ethereum/core/vm/vm.go:390.35,392.2 1 0
github.com/ethereum/go-ethereum/core/vm/asm.go:28.48,30.6 2 0
github.com/ethereum/go-ethereum/core/vm/asm.go:62.2,62.8 1 0
github.com/ethereum/go-ethereum/core/vm/asm.go:30.6,31.50 1 0
github.com/ethereum/go-ethereum/core/vm/asm.go:36.3,42.13 4 0
github.com/ethereum/go-ethereum/core/vm/asm.go:59.3,59.26 1 0
github.com/ethereum/go-ethereum/core/vm/asm.go:31.50,33.4 1 0
github.com/ethereum/go-ethereum/core/vm/asm.go:43.3,46.39 3 0
github.com/ethereum/go-ethereum/core/vm/asm.go:50.4,51.22 2 0
github.com/ethereum/go-ethereum/core/vm/asm.go:54.4,56.31 2 0
github.com/ethereum/go-ethereum/core/vm/asm.go:46.39,48.5 1 0
github.com/ethereum/go-ethereum/core/vm/asm.go:51.22,53.5 1 0
github.com/ethereum/go-ethereum/core/vm/instructions.go:52.121,53.34 1 1
github.com/ethereum/go-ethereum/core/vm/instructions.go:58.2,58.34 1 0
github.com/ethereum/go-ethereum/core/vm/instructions.go:53.34,56.3 2 1
github.com/ethereum/go-ethereum/core/vm/instructions.go:61.142,64.16 2 0
github.com/ethereum/go-ethereum/core/vm/instructions.go:70.2,70.28 1 0
github.com/ethereum/go-ethereum/core/vm/instructions.go:74.2,78.18 2 0
github.com/ethereum/go-ethereum/core/vm/instructions.go:105.2,106.17 2 0
github.com/ethereum/go-ethereum/core/vm/instructions.go:64.16,66.3 1 0
github.com/ethereum/go-ethereum/core/vm/instructions.go:70.28,72.3 1 0
github.com/ethereum/go-ethereum/core/vm/instructions.go:79.2,80.97 1 0
github.com/ethereum/go-ethereum/core/vm/instructions.go:86.2,88.36 2 0
github.com/ethereum/go-ethereum/core/vm/instructions.go:96.2,98.58 2 0
github.com/ethereum/go-ethereum/core/vm/instructions.go:99.2,100.22 1 0
github.com/ethereum/go-ethereum/core/vm/instructions.go:103.3,103.52 1 0
github.com/ethereum/go-ethereum/core/vm/instructions.go:80.97,82.4 1 0
github.com/ethereum/go-ethereum/core/vm/instructions.go:82.4,85.4 2 0
github.com/ethereum/go-ethereum/core/vm/instructions.go:88.36,89.90 1 0
github.com/ethereum/go-ethereum/core/vm/instructions.go:89.90,91.5 1 0
github.com/ethereum/go-ethereum/core/vm/instructions.go:91.5,94.5 2 0
github.com/ethereum/go-ethereum/core/vm/instructions.go:100.22,102.4 1 0
github.com/ethereum/go-ethereum/core/vm/instructions.go:109.39,111.2 1 0
github.com/ethereum/go-ethereum/core/vm/instructions.go:113.38,115.2 1 0
github.com/ethereum/go-ethereum/core/vm/instructions.go:117.131,119.2 1 0
github.com/ethereum/go-ethereum/core/vm/instructions.go:121.110,124.2 2 0
github.com/ethereum/go-ethereum/core/vm/instructions.go:126.110,129.2 2 0
github.com/ethereum/go-ethereum/core/vm/instructions.go:131.110,134.2 2 0
github.com/ethereum/go-ethereum/core/vm/instructions.go:136.110,138.29 2 0
github.com/ethereum/go-ethereum/core/vm/instructions.go:138.29,140.3 1 0
github.com/ethereum/go-ethereum/core/vm/instructions.go:140.3,142.3 1 0
github.com/ethereum/go-ethereum/core/vm/instructions.go:145.111,147.29 2 0
github.com/ethereum/go-ethereum/core/vm/instructions.go:147.29,150.3 2 0
github.com/ethereum/go-ethereum/core/vm/instructions.go:150.3,152.50 2 0
github.com/ethereum/go-ethereum/core/vm/instructions.go:158.3,161.24 3 0
github.com/ethereum/go-ethereum/core/vm/instructions.go:152.50,154.4 1 0
github.com/ethereum/go-ethereum/core/vm/instructions.go:154.4,156.4 1 0
github.com/ethereum/go-ethereum/core/vm/instructions.go:165.110,167.29 2 0
github.com/ethereum/go-ethereum/core/vm/instructions.go:167.29,169.3 1 0
github.com/ethereum/go-ethereum/core/vm/instructions.go:169.3,171.3 1 0
github.com/ethereum/go-ethereum/core/vm/instructions.go:174.111,177.29 2 0
github.com/ethereum/go-ethereum/core/vm/instructions.go:177.29,179.3 1 0
github.com/ethereum/go-ethereum/core/vm/instructions.go:179.3,181.29 2 0
github.com/ethereum/go-ethereum/core/vm/instructions.go:187.3,190.24 3 0
github.com/ethereum/go-ethereum/core/vm/instructions.go:181.29,183.4 1 0
github.com/ethereum/go-ethereum/core/vm/instructions.go:183.4,185.4 1 0
github.com/ethereum/go-ethereum/core/vm/instructions.go:194.110,197.2 2 0
github.com/ethereum/go-ethereum/core/vm/instructions.go:199.117,201.34 2 0
github.com/ethereum/go-ethereum/core/vm/instructions.go:201.34,206.36 5 0
github.com/ethereum/go-ethereum/core/vm/instructions.go:212.3,212.24 1 0
github.com/ethereum/go-ethereum/core/vm/instructions.go:206.36,208.4 1 0
github.com/ethereum/go-ethereum/core/vm/instructions.go:208.4,210.4 1 0
github.com/ethereum/go-ethereum/core/vm/instructions.go:216.110,219.2 2 0
github.com/ethereum/go-ethereum/core/vm/instructions.go:221.109,223.18 2 0
github.com/ethereum/go-ethereum/core/vm/instructions.go:223.18,225.3 1 0
github.com/ethereum/go-ethereum/core/vm/instructions.go:225.3,227.3 1 0
github.com/ethereum/go-ethereum/core/vm/instructions.go:230.109,232.18 2 0
github.com/ethereum/go-ethereum/core/vm/instructions.go:232.18,234.3 1 0
github.com/ethereum/go-ethereum/core/vm/instructions.go:234.3,236.3 1 0
github.com/ethereum/go-ethereum/core/vm/instructions.go:239.110,241.24 2 0
github.com/ethereum/go-ethereum/core/vm/instructions.go:241.24,243.3 1 0
github.com/ethereum/go-ethereum/core/vm/instructions.go:243.3,245.3 1 0
github.com/ethereum/go-ethereum/core/vm/instructions.go:248.110,250.18 2 0
github.com/ethereum/go-ethereum/core/vm/instructions.go:250.18,252.3 1 0
github.com/ethereum/go-ethereum/core/vm/instructions.go:252.3,254.3 1 0
github.com/ethereum/go-ethereum/core/vm/instructions.go:257.109,259.19 2 0
github.com/ethereum/go-ethereum/core/vm/instructions.go:259.19,261.3 1 0
github.com/ethereum/go-ethereum/core/vm/instructions.go:261.3,263.3 1 0
github.com/ethereum/go-ethereum/core/vm/instructions.go:266.113,268.28 2 0
github.com/ethereum/go-ethereum/core/vm/instructions.go:268.28,270.3 1 0
github.com/ethereum/go-ethereum/core/vm/instructions.go:270.3,272.3 1 0
github.com/ethereum/go-ethereum/core/vm/instructions.go:275.110,278.2 2 0
github.com/ethereum/go-ethereum/core/vm/instructions.go:279.109,282.2 2 0
github.com/ethereum/go-ethereum/core/vm/instructions.go:283.110,286.2 2 0
github.com/ethereum/go-ethereum/core/vm/instructions.go:287.111,289.32 2 0
github.com/ethereum/go-ethereum/core/vm/instructions.go:289.32,292.3 2 0
github.com/ethereum/go-ethereum/core/vm/instructions.go:292.3,294.3 1 0
github.com/ethereum/go-ethereum/core/vm/instructions.go:296.113,298.21 2 0
github.com/ethereum/go-ethereum/core/vm/instructions.go:298.21,302.3 3 0
github.com/ethereum/go-ethereum/core/vm/instructions.go:302.3,304.3 1 0
github.com/ethereum/go-ethereum/core/vm/instructions.go:306.113,308.21 2 0
github.com/ethereum/go-ethereum/core/vm/instructions.go:308.21,312.3 3 0
github.com/ethereum/go-ethereum/core/vm/instructions.go:312.3,314.3 1 0
github.com/ethereum/go-ethereum/core/vm/instructions.go:317.111,322.2 3 0
github.com/ethereum/go-ethereum/core/vm/instructions.go:324.114,326.2 1 0
github.com/ethereum/go-ethereum/core/vm/instructions.go:328.114,333.2 3 0
github.com/ethereum/go-ethereum/core/vm/instructions.go:335.113,337.2 1 0
github.com/ethereum/go-ethereum/core/vm/instructions.go:339.113,341.2 1 0
github.com/ethereum/go-ethereum/core/vm/instructions.go:343.116,345.2 1 0
github.com/ethereum/go-ethereum/core/vm/instructions.go:347.119,349.2 1 0
github.com/ethereum/go-ethereum/core/vm/instructions.go:351.119,353.2 1 0
github.com/ethereum/go-ethereum/core/vm/instructions.go:355.119,362.2 2 0
github.com/ethereum/go-ethereum/core/vm/instructions.go:364.118,368.2 3 0
github.com/ethereum/go-ethereum/core/vm/instructions.go:370.115,373.2 2 0
github.com/ethereum/go-ethereum/core/vm/instructions.go:375.115,384.2 3 0
github.com/ethereum/go-ethereum/core/vm/instructions.go:386.118,396.2 3 0
github.com/ethereum/go-ethereum/core/vm/instructions.go:398.115,400.2 1 0
github.com/ethereum/go-ethereum/core/vm/instructions.go:402.116,406.54 3 0
github.com/ethereum/go-ethereum/core/vm/instructions.go:406.54,408.3 1 0
github.com/ethereum/go-ethereum/core/vm/instructions.go:408.3,410.3 1 0
github.com/ethereum/go-ethereum/core/vm/instructions.go:413.115,415.2 1 0
github.com/ethereum/go-ethereum/core/vm/instructions.go:417.116,419.2 1 0
github.com/ethereum/go-ethereum/core/vm/instructions.go:421.113,423.2 1 0
github.com/ethereum/go-ethereum/core/vm/instructions.go:425.117,427.2 1 0
github.com/ethereum/go-ethereum/core/vm/instructions.go:429.115,431.2 1 0
github.com/ethereum/go-ethereum/core/vm/instructions.go:433.110,435.2 1 0
github.com/ethereum/go-ethereum/core/vm/instructions.go:437.111,439.2 1 0
github.com/ethereum/go-ethereum/core/vm/instructions.go:441.110,443.2 1 0
github.com/ethereum/go-ethereum/core/vm/instructions.go:445.111,447.2 1 0
github.com/ethereum/go-ethereum/core/vm/instructions.go:449.110,453.25 4 0
github.com/ethereum/go-ethereum/core/vm/instructions.go:457.2,459.17 3 0
github.com/ethereum/go-ethereum/core/vm/instructions.go:453.25,455.3 1 0
github.com/ethereum/go-ethereum/core/vm/instructions.go:462.112,466.2 3 0
github.com/ethereum/go-ethereum/core/vm/instructions.go:468.113,472.2 2 0
github.com/ethereum/go-ethereum/core/vm/instructions.go:474.114,477.2 2 0
github.com/ethereum/go-ethereum/core/vm/instructions.go:479.112,483.2 3 0
github.com/ethereum/go-ethereum/core/vm/instructions.go:485.113,490.2 3 0
github.com/ethereum/go-ethereum/core/vm/instructions.go:492.111,493.2 0 0
github.com/ethereum/go-ethereum/core/vm/instructions.go:494.112,495.2 0 0
github.com/ethereum/go-ethereum/core/vm/instructions.go:496.115,497.2 0 0
github.com/ethereum/go-ethereum/core/vm/instructions.go:499.109,501.2 1 0
github.com/ethereum/go-ethereum/core/vm/instructions.go:503.112,505.2 1 0
github.com/ethereum/go-ethereum/core/vm/instructions.go:507.110,509.2 1 0
github.com/ethereum/go-ethereum/core/vm/instructions.go:511.113,524.19 4 0
github.com/ethereum/go-ethereum/core/vm/instructions.go:524.19,526.3 1 0
github.com/ethereum/go-ethereum/core/vm/instructions.go:526.3,530.31 3 0
github.com/ethereum/go-ethereum/core/vm/instructions.go:534.3,534.25 1 0
github.com/ethereum/go-ethereum/core/vm/instructions.go:530.31,532.4 1 0
github.com/ethereum/go-ethereum/core/vm/instructions.go:539.111,554.28 8 0
github.com/ethereum/go-ethereum/core/vm/instructions.go:558.2,560.16 2 0
github.com/ethereum/go-ethereum/core/vm/instructions.go:554.28,556.3 1 0
github.com/ethereum/go-ethereum/core/vm/instructions.go:560.16,563.3 1 0
github.com/ethereum/go-ethereum/core/vm/instructions.go:563.3,567.3 2 0
github.com/ethereum/go-ethereum/core/vm/instructions.go:570.115,585.28 8 0
github.com/ethereum/go-ethereum/core/vm/instructions.go:589.2,591.16 2 0
github.com/ethereum/go-ethereum/core/vm/instructions.go:585.28,587.3 1 0
github.com/ethereum/go-ethereum/core/vm/instructions.go:591.16,594.3 1 0
github.com/ethereum/go-ethereum/core/vm/instructions.go:594.3,598.3 2 0
github.com/ethereum/go-ethereum/core/vm/instructions.go:601.113,602.2 0 0
github.com/ethereum/go-ethereum/core/vm/instructions.go:603.111,604.2 0 0
github.com/ethereum/go-ethereum/core/vm/instructions.go:606.114,611.2 3 0
github.com/ethereum/go-ethereum/core/vm/instructions.go:616.32,617.112 1 1
github.com/ethereum/go-ethereum/core/vm/instructions.go:617.112,620.29 3 0
github.com/ethereum/go-ethereum/core/vm/instructions.go:624.3,626.18 3 0
github.com/ethereum/go-ethereum/core/vm/instructions.go:620.29,622.4 1 0
github.com/ethereum/go-ethereum/core/vm/instructions.go:631.52,632.112 1 1
github.com/ethereum/go-ethereum/core/vm/instructions.go:632.112,636.3 3 0
github.com/ethereum/go-ethereum/core/vm/instructions.go:640.34,641.112 1 1
github.com/ethereum/go-ethereum/core/vm/instructions.go:641.112,643.3 1 0
github.com/ethereum/go-ethereum/core/vm/instructions.go:647.35,650.112 2 1
github.com/ethereum/go-ethereum/core/vm/instructions.go:650.112,652.3 1 0
github.com/ethereum/go-ethereum/core/vm/jump_table.go:12.13,143.2 129 1
github.com/ethereum/go-ethereum/core/vm/memory.go:26.26,28.2 1 1
github.com/ethereum/go-ethereum/core/vm/memory.go:31.57,34.33 1 0
github.com/ethereum/go-ethereum/core/vm/memory.go:40.2,40.14 1 0
github.com/ethereum/go-ethereum/core/vm/memory.go:34.33,35.39 1 0
github.com/ethereum/go-ethereum/core/vm/memory.go:40.14,42.3 1 0
github.com/ethereum/go-ethereum/core/vm/memory.go:46.38,47.28 1 0
github.com/ethereum/go-ethereum/core/vm/memory.go:47.28,49.3 1 0
github.com/ethereum/go-ethereum/core/vm/memory.go:53.58,54.15 1 0
github.com/ethereum/go-ethereum/core/vm/memory.go:58.2,58.35 1 0
github.com/ethereum/go-ethereum/core/vm/memory.go:65.2,65.8 1 0
github.com/ethereum/go-ethereum/core/vm/memory.go:54.15,56.3 1 0
github.com/ethereum/go-ethereum/core/vm/memory.go:58.35,63.3 3 0
github.com/ethereum/go-ethereum/core/vm/memory.go:69.55,70.15 1 0
github.com/ethereum/go-ethereum/core/vm/memory.go:74.2,74.35 1 0
github.com/ethereum/go-ethereum/core/vm/memory.go:78.2,78.12 1 0
github.com/ethereum/go-ethereum/core/vm/memory.go:70.15,72.3 1 0
github.com/ethereum/go-ethereum/core/vm/memory.go:74.35,76.3 1 0
github.com/ethereum/go-ethereum/core/vm/memory.go:82.28,84.2 1 0
github.com/ethereum/go-ethereum/core/vm/memory.go:87.32,89.2 1 0
github.com/ethereum/go-ethereum/core/vm/memory.go:91.26,93.22 2 0
github.com/ethereum/go-ethereum/core/vm/memory.go:102.2,102.37 1 0
github.com/ethereum/go-ethereum/core/vm/memory.go:93.22,95.45 2 0
github.com/ethereum/go-ethereum/core/vm/memory.go:95.45,98.4 2 0
github.com/ethereum/go-ethereum/core/vm/memory.go:99.3,101.3 1 0
github.com/ethereum/go-ethereum/core/vm/logger.go:28.37,30.27 2 0
github.com/ethereum/go-ethereum/core/vm/logger.go:30.27,32.21 2 0
github.com/ethereum/go-ethereum/core/vm/logger.go:35.3,39.44 3 0
github.com/ethereum/go-ethereum/core/vm/logger.go:43.3,46.65 4 0
github.com/ethereum/go-ethereum/core/vm/logger.go:62.3,63.36 2 0
github.com/ethereum/go-ethereum/core/vm/logger.go:66.3,66.26 1 0
github.com/ethereum/go-ethereum/core/vm/logger.go:32.21,34.4 1 0
github.com/ethereum/go-ethereum/core/vm/logger.go:39.44,41.4 1 0
github.com/ethereum/go-ethereum/core/vm/logger.go:46.65,49.27 3 0
github.com/ethereum/go-ethereum/core/vm/logger.go:58.4,59.32 2 0
github.com/ethereum/go-ethereum/core/vm/logger.go:49.27,50.15 1 0
github.com/ethereum/go-ethereum/core/vm/logger.go:50.15,52.6 1 0
github.com/ethereum/go-ethereum/core/vm/logger.go:52.6,52.40 1 0
github.com/ethereum/go-ethereum/core/vm/logger.go:52.40,54.6 1 0
github.com/ethereum/go-ethereum/core/vm/logger.go:54.6,56.6 1 0
github.com/ethereum/go-ethereum/core/vm/logger.go:63.36,65.4 1 0
github.com/ethereum/go-ethereum/core/vm/segments.go:11.134,12.29 1 0
github.com/ethereum/go-ethereum/core/vm/segments.go:15.2,15.18 1 0
github.com/ethereum/go-ethereum/core/vm/segments.go:18.2,19.17 2 0
github.com/ethereum/go-ethereum/core/vm/segments.go:12.29,14.3 1 0
github.com/ethereum/go-ethereum/core/vm/segments.go:15.18,17.3 1 0
github.com/ethereum/go-ethereum/core/vm/segments.go:21.31,21.47 1 0
github.com/ethereum/go-ethereum/core/vm/segments.go:22.31,22.43 1 0
github.com/ethereum/go-ethereum/core/vm/segments.go:29.134,32.29 1 0
github.com/ethereum/go-ethereum/core/vm/segments.go:36.2,36.27 1 0
github.com/ethereum/go-ethereum/core/vm/segments.go:39.2,40.17 2 0
github.com/ethereum/go-ethereum/core/vm/segments.go:32.29,34.3 1 0
github.com/ethereum/go-ethereum/core/vm/segments.go:36.27,38.3 1 0
github.com/ethereum/go-ethereum/core/vm/segments.go:43.31,43.47 1 0
github.com/ethereum/go-ethereum/core/vm/segments.go:44.31,44.43 1 0
github.com/ethereum/go-ethereum/core/vm/common.go:53.44,54.22 1 0
github.com/ethereum/go-ethereum/core/vm/common.go:55.2,56.23 1 0
github.com/ethereum/go-ethereum/core/vm/common.go:57.2,59.14 2 0
github.com/ethereum/go-ethereum/core/vm/common.go:60.2,61.18 1 0
github.com/ethereum/go-ethereum/core/vm/common.go:66.44,67.29 1 0
github.com/ethereum/go-ethereum/core/vm/common.go:71.2,71.33 1 0
github.com/ethereum/go-ethereum/core/vm/common.go:67.29,69.3 1 0
github.com/ethereum/go-ethereum/core/vm/common.go:75.56,76.37 1 0
github.com/ethereum/go-ethereum/core/vm/common.go:76.37,80.49 3 0
github.com/ethereum/go-ethereum/core/vm/common.go:80.49,96.4 11 0
github.com/ethereum/go-ethereum/core/vm/common.go:101.29,103.2 1 0
github.com/ethereum/go-ethereum/core/vm/common.go:106.40,109.59 2 0
github.com/ethereum/go-ethereum/core/vm/common.go:113.2,113.12 1 0
github.com/ethereum/go-ethereum/core/vm/common.go:109.59,111.3 1 0
github.com/ethereum/go-ethereum/core/vm/common.go:118.56,124.2 4 1
github.com/ethereum/go-ethereum/core/vm/common.go:128.40,129.25 1 0
github.com/ethereum/go-ethereum/core/vm/common.go:134.2,135.13 2 0
github.com/ethereum/go-ethereum/core/vm/common.go:129.25,131.3 1 0
github.com/ethereum/go-ethereum/core/vm/contracts.go:36.55,38.2 1 0
github.com/ethereum/go-ethereum/core/vm/contracts.go:45.60,48.88 1 1
github.com/ethereum/go-ethereum/core/vm/contracts.go:48.88,50.4 1 0
github.com/ethereum/go-ethereum/core/vm/contracts.go:53.88,57.4 3 0
github.com/ethereum/go-ethereum/core/vm/contracts.go:60.88,64.4 3 0
github.com/ethereum/go-ethereum/core/vm/contracts.go:66.88,71.4 3 0
github.com/ethereum/go-ethereum/core/vm/contracts.go:75.35,77.2 1 0
github.com/ethereum/go-ethereum/core/vm/contracts.go:79.38,81.2 1 0
github.com/ethereum/go-ethereum/core/vm/contracts.go:85.38,96.46 6 0
github.com/ethereum/go-ethereum/core/vm/contracts.go:102.2,107.16 5 0
github.com/ethereum/go-ethereum/core/vm/contracts.go:113.2,113.62 1 0
github.com/ethereum/go-ethereum/core/vm/contracts.go:96.46,99.3 2 0
github.com/ethereum/go-ethereum/core/vm/contracts.go:107.16,110.3 2 0
github.com/ethereum/go-ethereum/core/vm/contracts.go:116.31,118.2 1 0
github.com/ethereum/go-ethereum/core/vm/disasm.go:21.35,23.52 2 0
github.com/ethereum/go-ethereum/core/vm/disasm.go:36.2,36.12 1 0
github.com/ethereum/go-ethereum/core/vm/disasm.go:23.52,27.13 3 0
github.com/ethereum/go-ethereum/core/vm/disasm.go:28.3,32.11 3 0
github.com/ethereum/go-ethereum/core/vm/jit_optimiser.go:13.40,21.26 3 1
github.com/ethereum/go-ethereum/core/vm/jit_optimiser.go:46.2,46.49 1 1
github.com/ethereum/go-ethereum/core/vm/jit_optimiser.go:21.26,24.16 3 0
github.com/ethereum/go-ethereum/core/vm/jit_optimiser.go:24.16,26.4 1 0
github.com/ethereum/go-ethereum/core/vm/jit_optimiser.go:46.49,49.10 2 1
github.com/ethereum/go-ethereum/core/vm/jit_optimiser.go:50.3,51.30 1 1
github.com/ethereum/go-ethereum/core/vm/jit_optimiser.go:52.3,53.22 1 1
github.com/ethereum/go-ethereum/core/vm/jit_optimiser.go:58.4,58.21 1 1
github.com/ethereum/go-ethereum/core/vm/jit_optimiser.go:65.4,69.14 4 1
github.com/ethereum/go-ethereum/core/vm/jit_optimiser.go:70.3,72.21 1 1
github.com/ethereum/go-ethereum/core/vm/jit_optimiser.go:77.4,77.14 1 1
github.com/ethereum/go-ethereum/core/vm/jit_optimiser.go:53.22,54.13 1 0
github.com/ethereum/go-ethereum/core/vm/jit_optimiser.go:58.21,62.5 3 1
github.com/ethereum/go-ethereum/core/vm/jit_optimiser.go:72.21,76.5 3 1
github.com/ethereum/go-ethereum/core/vm/jit_optimiser.go:83.55,89.31 2 1
github.com/ethereum/go-ethereum/core/vm/jit_optimiser.go:94.2,94.40 1 1
github.com/ethereum/go-ethereum/core/vm/jit_optimiser.go:89.31,92.3 2 1
github.com/ethereum/go-ethereum/core/vm/jit_optimiser.go:99.63,107.2 6 1
github.com/ethereum/go-ethereum/core/vm/stack.go:31.24,33.2 1 1
github.com/ethereum/go-ethereum/core/vm/stack.go:35.36,37.2 1 0
github.com/ethereum/go-ethereum/core/vm/stack.go:39.35,44.2 1 0
github.com/ethereum/go-ethereum/core/vm/stack.go:45.40,47.2 1 0
github.com/ethereum/go-ethereum/core/vm/stack.go:49.39,53.2 3 0
github.com/ethereum/go-ethereum/core/vm/stack.go:55.28,57.2 1 0
github.com/ethereum/go-ethereum/core/vm/stack.go:59.30,61.2 1 0
github.com/ethereum/go-ethereum/core/vm/stack.go:63.29,65.2 1 0
github.com/ethereum/go-ethereum/core/vm/stack.go:67.34,69.2 1 0
github.com/ethereum/go-ethereum/core/vm/stack.go:71.39,72.18 1 0
github.com/ethereum/go-ethereum/core/vm/stack.go:75.2,75.12 1 0
github.com/ethereum/go-ethereum/core/vm/stack.go:72.18,74.3 1 0
github.com/ethereum/go-ethereum/core/vm/stack.go:78.26,80.22 2 0
github.com/ethereum/go-ethereum/core/vm/stack.go:87.2,87.30 1 0
github.com/ethereum/go-ethereum/core/vm/stack.go:80.22,81.31 1 0
github.com/ethereum/go-ethereum/core/vm/stack.go:81.31,83.4 1 0
github.com/ethereum/go-ethereum/core/vm/stack.go:84.3,86.3 1 0
github.com/ethereum/go-ethereum/core/vm/contract.go:50.96,53.42 2 1
github.com/ethereum/go-ethereum/core/vm/contract.go:62.2,69.10 5 1
github.com/ethereum/go-ethereum/core/vm/contract.go:53.42,56.3 1 0
github.com/ethereum/go-ethereum/core/vm/contract.go:56.3,58.3 1 1
github.com/ethereum/go-ethereum/core/vm/contract.go:73.43,75.2 1 1
github.com/ethereum/go-ethereum/core/vm/contract.go:78.43,79.29 1 1
github.com/ethereum/go-ethereum/core/vm/contract.go:83.2,83.10 1 0
github.com/ethereum/go-ethereum/core/vm/contract.go:79.29,81.3 1 1
github.com/ethereum/go-ethereum/core/vm/contract.go:88.46,93.2 2 1
github.com/ethereum/go-ethereum/core/vm/contract.go:96.51,98.8 2 0
github.com/ethereum/go-ethereum/core/vm/contract.go:101.2,101.8 1 0
github.com/ethereum/go-ethereum/core/vm/contract.go:98.8,100.3 1 0
github.com/ethereum/go-ethereum/core/vm/contract.go:105.51,109.2 2 0
github.com/ethereum/go-ethereum/core/vm/contract.go:112.45,114.2 1 0
github.com/ethereum/go-ethereum/core/vm/contract.go:117.44,119.2 1 0
github.com/ethereum/go-ethereum/core/vm/contract.go:123.70,126.2 2 0
github.com/ethereum/go-ethereum/core/vm/gas.go:41.61,45.33 1 0
github.com/ethereum/go-ethereum/core/vm/gas.go:48.2,48.31 1 0
github.com/ethereum/go-ethereum/core/vm/gas.go:52.2,52.33 1 0
github.com/ethereum/go-ethereum/core/vm/gas.go:64.2,64.12 1 0
github.com/ethereum/go-ethereum/core/vm/gas.go:45.33,47.3 1 0
github.com/ethereum/go-ethereum/core/vm/gas.go:48.31,50.3 1 0
github.com/ethereum/go-ethereum/core/vm/gas.go:52.33,54.17 2 0
github.com/ethereum/go-ethereum/core/vm/gas.go:58.3,58.93 1 0
github.com/ethereum/go-ethereum/core/vm/gas.go:62.3,62.22 1 0
github.com/ethereum/go-ethereum/core/vm/gas.go:54.17,56.4 1 0
github.com/ethereum/go-ethereum/core/vm/gas.go:58.93,60.4 1 0
github.com/ethereum/go-ethereum/core/vm/gas.go:68.41,73.2 4 0
github.com/ethereum/go-ethereum/core/vm/jit_util.go:21.44,22.52 1 1
github.com/ethereum/go-ethereum/core/vm/jit_util.go:39.2,39.16 1 1
github.com/ethereum/go-ethereum/core/vm/jit_util.go:22.52,25.13 2 1
github.com/ethereum/go-ethereum/core/vm/jit_util.go:26.3,29.35 3 1
github.com/ethereum/go-ethereum/core/vm/jit_util.go:30.3,31.34 1 1
github.com/ethereum/go-ethereum/core/vm/jit_util.go:32.3,33.35 1 1
github.com/ethereum/go-ethereum/core/vm/jit_util.go:34.3,35.33 1 1
github.com/ethereum/go-ethereum/core/vm/jit_util.go:46.63,49.67 1 1
github.com/ethereum/go-ethereum/core/vm/jit_util.go:53.1,54.53 1 1
github.com/ethereum/go-ethereum/core/vm/jit_util.go:49.67,51.3 1 1
github.com/ethereum/go-ethereum/core/vm/jit_util.go:54.53,56.21 1 1
github.com/ethereum/go-ethereum/core/vm/jit_util.go:56.21,57.36 1 1
github.com/ethereum/go-ethereum/core/vm/jit_util.go:63.4,63.21 1 1
github.com/ethereum/go-ethereum/core/vm/jit_util.go:57.36,58.31 1 1
github.com/ethereum/go-ethereum/core/vm/jit_util.go:58.31,59.19 1 1
github.com/ethereum/go-ethereum/core/vm/jit_util.go:63.21,65.5 1 0
github.com/ethereum/go-ethereum/core/vm/opcodes.go:26.32,27.12 1 1
github.com/ethereum/go-ethereum/core/vm/opcodes.go:31.2,31.14 1 1
github.com/ethereum/go-ethereum/core/vm/opcodes.go:28.2,29.14 1 1
github.com/ethereum/go-ethereum/core/vm/opcodes.go:34.38,36.2 1 1
github.com/ethereum/go-ethereum/core/vm/opcodes.go:363.33,365.19 2 1
github.com/ethereum/go-ethereum/core/vm/opcodes.go:369.2,369.12 1 1
github.com/ethereum/go-ethereum/core/vm/opcodes.go:365.19,367.3 1 0
github.com/ethereum/go-ethereum/core/vm/opcodes.go:504.36,506.2 1 0
