mode: set
github.com/ethereum/go-ethereum/core/genesis.go:37.88,39.16 2 1
github.com/ethereum/go-ethereum/core/genesis.go:43.2,59.59 2 1
github.com/ethereum/go-ethereum/core/genesis.go:64.2,65.43 2 1
github.com/ethereum/go-ethereum/core/genesis.go:73.2,88.60 4 1
github.com/ethereum/go-ethereum/core/genesis.go:97.2,97.43 1 1
github.com/ethereum/go-ethereum/core/genesis.go:100.2,100.67 1 1
github.com/ethereum/go-ethereum/core/genesis.go:103.2,103.51 1 1
github.com/ethereum/go-ethereum/core/genesis.go:106.2,106.62 1 1
github.com/ethereum/go-ethereum/core/genesis.go:109.2,109.85 1 1
github.com/ethereum/go-ethereum/core/genesis.go:112.2,112.66 1 1
github.com/ethereum/go-ethereum/core/genesis.go:115.2,115.19 1 1
github.com/ethereum/go-ethereum/core/genesis.go:39.16,41.3 1 0
github.com/ethereum/go-ethereum/core/genesis.go:59.59,61.3 1 0
github.com/ethereum/go-ethereum/core/genesis.go:65.43,69.43 4 1
github.com/ethereum/go-ethereum/core/genesis.go:69.43,71.4 1 0
github.com/ethereum/go-ethereum/core/genesis.go:88.60,91.17 3 0
github.com/ethereum/go-ethereum/core/genesis.go:94.3,94.20 1 0
github.com/ethereum/go-ethereum/core/genesis.go:91.17,93.4 1 0
github.com/ethereum/go-ethereum/core/genesis.go:97.43,99.3 1 0
github.com/ethereum/go-ethereum/core/genesis.go:100.67,102.3 1 0
github.com/ethereum/go-ethereum/core/genesis.go:103.51,105.3 1 0
github.com/ethereum/go-ethereum/core/genesis.go:106.62,108.3 1 0
github.com/ethereum/go-ethereum/core/genesis.go:109.85,111.3 1 0
github.com/ethereum/go-ethereum/core/genesis.go:112.66,114.3 1 0
github.com/ethereum/go-ethereum/core/genesis.go:120.100,125.16 5 1
github.com/ethereum/go-ethereum/core/genesis.go:128.2,133.14 2 1
github.com/ethereum/go-ethereum/core/genesis.go:125.16,126.52 1 0
github.com/ethereum/go-ethereum/core/genesis.go:141.94,143.35 2 1
github.com/ethereum/go-ethereum/core/genesis.go:149.2,158.14 4 1
github.com/ethereum/go-ethereum/core/genesis.go:143.35,144.13 1 1
github.com/ethereum/go-ethereum/core/genesis.go:147.3,147.100 1 1
github.com/ethereum/go-ethereum/core/genesis.go:144.13,146.4 1 1
github.com/ethereum/go-ethereum/core/genesis.go:161.91,180.2 2 1
github.com/ethereum/go-ethereum/core/genesis.go:182.91,203.2 2 0
github.com/ethereum/go-ethereum/core/asm.go:27.48,29.6 2 0
github.com/ethereum/go-ethereum/core/asm.go:65.2,65.12 1 0
github.com/ethereum/go-ethereum/core/asm.go:29.6,30.50 1 0
github.com/ethereum/go-ethereum/core/asm.go:35.3,41.13 4 0
github.com/ethereum/go-ethereum/core/asm.go:62.3,62.26 1 0
github.com/ethereum/go-ethereum/core/asm.go:30.50,32.4 1 0
github.com/ethereum/go-ethereum/core/asm.go:42.3,49.39 3 0
github.com/ethereum/go-ethereum/core/asm.go:53.4,54.22 2 0
github.com/ethereum/go-ethereum/core/asm.go:57.4,59.31 2 0
github.com/ethereum/go-ethereum/core/asm.go:49.39,51.5 1 0
github.com/ethereum/go-ethereum/core/asm.go:54.22,56.5 1 0
github.com/ethereum/go-ethereum/core/blockchain.go:93.98,115.28 9 1
github.com/ethereum/go-ethereum/core/blockchain.go:126.2,126.42 1 1
github.com/ethereum/go-ethereum/core/blockchain.go:130.2,130.33 1 1
github.com/ethereum/go-ethereum/core/blockchain.go:143.2,144.16 2 1
github.com/ethereum/go-ethereum/core/blockchain.go:115.28,117.17 2 0
github.com/ethereum/go-ethereum/core/blockchain.go:120.3,121.17 2 0
github.com/ethereum/go-ethereum/core/blockchain.go:124.3,124.78 1 0
github.com/ethereum/go-ethereum/core/blockchain.go:117.17,119.4 1 0
github.com/ethereum/go-ethereum/core/blockchain.go:121.17,123.4 1 0
github.com/ethereum/go-ethereum/core/blockchain.go:126.42,128.3 1 0
github.com/ethereum/go-ethereum/core/blockchain.go:130.33,131.47 1 1
github.com/ethereum/go-ethereum/core/blockchain.go:131.47,134.20 3 1
github.com/ethereum/go-ethereum/core/blockchain.go:137.4,139.89 2 1
github.com/ethereum/go-ethereum/core/blockchain.go:134.20,136.5 1 0
github.com/ethereum/go-ethereum/core/blockchain.go:147.50,151.117 3 1
github.com/ethereum/go-ethereum/core/blockchain.go:154.2,163.19 9 1
github.com/ethereum/go-ethereum/core/blockchain.go:151.117,153.3 1 1
github.com/ethereum/go-ethereum/core/blockchain.go:166.39,171.2 3 1
github.com/ethereum/go-ethereum/core/blockchain.go:173.45,178.2 3 1
github.com/ethereum/go-ethereum/core/blockchain.go:180.53,185.2 3 1
github.com/ethereum/go-ethereum/core/blockchain.go:187.53,192.2 3 1
github.com/ethereum/go-ethereum/core/blockchain.go:194.100,199.2 3 0
github.com/ethereum/go-ethereum/core/blockchain.go:201.72,203.2 1 1
github.com/ethereum/go-ethereum/core/blockchain.go:205.57,207.2 1 1
github.com/ethereum/go-ethereum/core/blockchain.go:209.44,211.29 2 1
github.com/ethereum/go-ethereum/core/blockchain.go:219.2,222.25 3 1
github.com/ethereum/go-ethereum/core/blockchain.go:226.2,226.12 1 1
github.com/ethereum/go-ethereum/core/blockchain.go:211.29,213.19 2 1
github.com/ethereum/go-ethereum/core/blockchain.go:213.19,215.4 1 1
github.com/ethereum/go-ethereum/core/blockchain.go:216.3,218.3 1 0
github.com/ethereum/go-ethereum/core/blockchain.go:222.25,224.3 1 0
github.com/ethereum/go-ethereum/core/blockchain.go:230.31,232.2 1 0
github.com/ethereum/go-ethereum/core/blockchain.go:236.67,241.86 3 1
github.com/ethereum/go-ethereum/core/blockchain.go:244.2,251.82 6 1
github.com/ethereum/go-ethereum/core/blockchain.go:254.2,254.56 1 1
github.com/ethereum/go-ethereum/core/blockchain.go:257.2,260.45 4 1
github.com/ethereum/go-ethereum/core/blockchain.go:241.86,243.3 1 0
github.com/ethereum/go-ethereum/core/blockchain.go:251.82,253.3 1 0
github.com/ethereum/go-ethereum/core/blockchain.go:254.56,256.3 1 0
github.com/ethereum/go-ethereum/core/blockchain.go:264.51,265.82 1 0
github.com/ethereum/go-ethereum/core/blockchain.go:268.2,268.12 1 0
github.com/ethereum/go-ethereum/core/blockchain.go:265.82,267.3 1 0
github.com/ethereum/go-ethereum/core/blockchain.go:272.79,276.18 3 0
github.com/ethereum/go-ethereum/core/blockchain.go:280.2,282.36 2 0
github.com/ethereum/go-ethereum/core/blockchain.go:293.2,293.12 1 0
github.com/ethereum/go-ethereum/core/blockchain.go:276.18,278.3 1 0
github.com/ethereum/go-ethereum/core/blockchain.go:282.36,284.19 2 0
github.com/ethereum/go-ethereum/core/blockchain.go:288.3,288.44 1 0
github.com/ethereum/go-ethereum/core/blockchain.go:284.19,286.4 1 0
github.com/ethereum/go-ethereum/core/blockchain.go:288.44,290.4 1 0
github.com/ethereum/go-ethereum/core/blockchain.go:298.50,300.88 1 1
github.com/ethereum/go-ethereum/core/blockchain.go:303.2,303.69 1 1
github.com/ethereum/go-ethereum/core/blockchain.go:306.2,306.25 1 1
github.com/ethereum/go-ethereum/core/blockchain.go:300.88,302.3 1 0
github.com/ethereum/go-ethereum/core/blockchain.go:303.69,305.3 1 0
github.com/ethereum/go-ethereum/core/blockchain.go:310.46,312.2 1 1
github.com/ethereum/go-ethereum/core/blockchain.go:316.56,318.2 1 0
github.com/ethereum/go-ethereum/core/blockchain.go:322.67,324.50 1 0
github.com/ethereum/go-ethereum/core/blockchain.go:327.2,328.19 2 0
github.com/ethereum/go-ethereum/core/blockchain.go:332.2,333.15 2 0
github.com/ethereum/go-ethereum/core/blockchain.go:324.50,326.3 1 0
github.com/ethereum/go-ethereum/core/blockchain.go:328.19,330.3 1 0
github.com/ethereum/go-ethereum/core/blockchain.go:338.72,340.29 2 0
github.com/ethereum/go-ethereum/core/blockchain.go:343.2,343.29 1 0
github.com/ethereum/go-ethereum/core/blockchain.go:340.29,342.3 1 0
github.com/ethereum/go-ethereum/core/blockchain.go:348.63,350.48 1 0
github.com/ethereum/go-ethereum/core/blockchain.go:354.2,355.17 2 0
github.com/ethereum/go-ethereum/core/blockchain.go:359.2,360.13 2 0
github.com/ethereum/go-ethereum/core/blockchain.go:350.48,353.3 2 0
github.com/ethereum/go-ethereum/core/blockchain.go:355.17,357.3 1 0
github.com/ethereum/go-ethereum/core/blockchain.go:365.67,367.51 1 0
github.com/ethereum/go-ethereum/core/blockchain.go:370.2,371.20 2 0
github.com/ethereum/go-ethereum/core/blockchain.go:375.2,376.13 2 0
github.com/ethereum/go-ethereum/core/blockchain.go:367.51,369.3 1 0
github.com/ethereum/go-ethereum/core/blockchain.go:371.20,373.3 1 0
github.com/ethereum/go-ethereum/core/blockchain.go:381.58,383.46 1 1
github.com/ethereum/go-ethereum/core/blockchain.go:386.2,387.15 2 1
github.com/ethereum/go-ethereum/core/blockchain.go:391.2,392.11 2 1
github.com/ethereum/go-ethereum/core/blockchain.go:383.46,385.3 1 1
github.com/ethereum/go-ethereum/core/blockchain.go:387.15,389.3 1 0
github.com/ethereum/go-ethereum/core/blockchain.go:397.55,399.2 1 1
github.com/ethereum/go-ethereum/core/blockchain.go:402.65,404.48 1 1
github.com/ethereum/go-ethereum/core/blockchain.go:407.2,408.18 2 1
github.com/ethereum/go-ethereum/core/blockchain.go:412.2,413.14 2 1
github.com/ethereum/go-ethereum/core/blockchain.go:404.48,406.3 1 1
github.com/ethereum/go-ethereum/core/blockchain.go:408.18,410.3 1 1
github.com/ethereum/go-ethereum/core/blockchain.go:418.70,420.29 2 1
github.com/ethereum/go-ethereum/core/blockchain.go:423.2,423.28 1 1
github.com/ethereum/go-ethereum/core/blockchain.go:420.29,422.3 1 0
github.com/ethereum/go-ethereum/core/blockchain.go:428.92,431.19 2 0
github.com/ethereum/go-ethereum/core/blockchain.go:435.2,436.35 2 0
github.com/ethereum/go-ethereum/core/blockchain.go:445.2,445.14 1 0
github.com/ethereum/go-ethereum/core/blockchain.go:431.19,433.3 1 0
github.com/ethereum/go-ethereum/core/blockchain.go:436.35,437.64 1 0
github.com/ethereum/go-ethereum/core/blockchain.go:440.3,441.42 2 0
github.com/ethereum/go-ethereum/core/blockchain.go:437.64,438.9 1 0
github.com/ethereum/go-ethereum/core/blockchain.go:441.42,442.9 1 0
github.com/ethereum/go-ethereum/core/blockchain.go:450.92,451.25 1 1
github.com/ethereum/go-ethereum/core/blockchain.go:459.2,459.8 1 1
github.com/ethereum/go-ethereum/core/blockchain.go:451.25,453.19 2 1
github.com/ethereum/go-ethereum/core/blockchain.go:456.3,457.28 2 1
github.com/ethereum/go-ethereum/core/blockchain.go:453.19,454.9 1 1
github.com/ethereum/go-ethereum/core/blockchain.go:462.99,463.46 1 0
github.com/ethereum/go-ethereum/core/blockchain.go:468.2,468.8 1 0
github.com/ethereum/go-ethereum/core/blockchain.go:463.46,466.3 2 0
github.com/ethereum/go-ethereum/core/blockchain.go:473.55,475.2 1 1
github.com/ethereum/go-ethereum/core/blockchain.go:477.30,478.52 1 0
github.com/ethereum/go-ethereum/core/blockchain.go:481.2,486.53 4 0
github.com/ethereum/go-ethereum/core/blockchain.go:478.52,480.3 1 0
github.com/ethereum/go-ethereum/core/blockchain.go:489.44,491.48 2 0
github.com/ethereum/go-ethereum/core/blockchain.go:495.2,495.21 1 0
github.com/ethereum/go-ethereum/core/blockchain.go:491.48,494.3 2 0
github.com/ethereum/go-ethereum/core/blockchain.go:495.21,498.3 2 0
github.com/ethereum/go-ethereum/core/blockchain.go:511.88,517.16 4 1
github.com/ethereum/go-ethereum/core/blockchain.go:520.2,528.27 5 1
github.com/ethereum/go-ethereum/core/blockchain.go:547.2,547.64 1 1
github.com/ethereum/go-ethereum/core/blockchain.go:550.2,550.56 1 1
github.com/ethereum/go-ethereum/core/blockchain.go:554.2,556.8 2 1
github.com/ethereum/go-ethereum/core/blockchain.go:517.16,519.3 1 0
github.com/ethereum/go-ethereum/core/blockchain.go:528.27,530.42 1 1
github.com/ethereum/go-ethereum/core/blockchain.go:537.3,542.19 5 1
github.com/ethereum/go-ethereum/core/blockchain.go:530.42,533.18 2 1
github.com/ethereum/go-ethereum/core/blockchain.go:533.18,535.5 1 0
github.com/ethereum/go-ethereum/core/blockchain.go:543.3,545.3 1 1
github.com/ethereum/go-ethereum/core/blockchain.go:547.64,549.3 1 0
github.com/ethereum/go-ethereum/core/blockchain.go:550.56,552.3 1 0
github.com/ethereum/go-ethereum/core/blockchain.go:561.70,584.30 9 1
github.com/ethereum/go-ethereum/core/blockchain.go:688.2,688.97 1 1
github.com/ethereum/go-ethereum/core/blockchain.go:693.2,695.15 2 1
github.com/ethereum/go-ethereum/core/blockchain.go:584.30,585.49 1 1
github.com/ethereum/go-ethereum/core/blockchain.go:590.3,593.24 2 1
github.com/ethereum/go-ethereum/core/blockchain.go:602.3,602.30 1 1
github.com/ethereum/go-ethereum/core/blockchain.go:609.3,610.17 2 1
github.com/ethereum/go-ethereum/core/blockchain.go:643.3,645.73 2 1
github.com/ethereum/go-ethereum/core/blockchain.go:649.3,652.17 3 1
github.com/ethereum/go-ethereum/core/blockchain.go:656.3,657.17 2 1
github.com/ethereum/go-ethereum/core/blockchain.go:685.3,685.20 1 1
github.com/ethereum/go-ethereum/core/blockchain.go:585.49,587.9 2 0
github.com/ethereum/go-ethereum/core/blockchain.go:593.24,596.16 3 1
github.com/ethereum/go-ethereum/core/blockchain.go:596.16,599.5 2 1
github.com/ethereum/go-ethereum/core/blockchain.go:602.30,606.4 3 1
github.com/ethereum/go-ethereum/core/blockchain.go:610.17,611.28 1 0
github.com/ethereum/go-ethereum/core/blockchain.go:616.4,616.29 1 0
github.com/ethereum/go-ethereum/core/blockchain.go:630.4,630.74 1 0
github.com/ethereum/go-ethereum/core/blockchain.go:636.4,640.17 3 0
github.com/ethereum/go-ethereum/core/blockchain.go:611.28,613.13 2 0
github.com/ethereum/go-ethereum/core/blockchain.go:616.29,621.35 2 0
github.com/ethereum/go-ethereum/core/blockchain.go:625.5,627.13 3 0
github.com/ethereum/go-ethereum/core/blockchain.go:621.35,623.6 1 0
github.com/ethereum/go-ethereum/core/blockchain.go:630.74,633.13 3 0
github.com/ethereum/go-ethereum/core/blockchain.go:645.73,647.4 1 0
github.com/ethereum/go-ethereum/core/blockchain.go:652.17,654.4 1 0
github.com/ethereum/go-ethereum/core/blockchain.go:658.3,659.28 1 1
github.com/ethereum/go-ethereum/core/blockchain.go:662.4,665.85 2 1
github.com/ethereum/go-ethereum/core/blockchain.go:669.4,669.62 1 1
github.com/ethereum/go-ethereum/core/blockchain.go:673.4,673.86 1 1
github.com/ethereum/go-ethereum/core/blockchain.go:676.3,677.29 1 1
github.com/ethereum/go-ethereum/core/blockchain.go:680.4,680.56 1 1
github.com/ethereum/go-ethereum/core/blockchain.go:682.3,683.57 1 0
github.com/ethereum/go-ethereum/core/blockchain.go:659.28,661.5 1 0
github.com/ethereum/go-ethereum/core/blockchain.go:665.85,667.5 1 0
github.com/ethereum/go-ethereum/core/blockchain.go:669.62,671.5 1 0
github.com/ethereum/go-ethereum/core/blockchain.go:673.86,675.5 1 0
github.com/ethereum/go-ethereum/core/blockchain.go:677.29,679.5 1 0
github.com/ethereum/go-ethereum/core/blockchain.go:688.97,692.3 3 0
github.com/ethereum/go-ethereum/core/blockchain.go:701.70,714.49 4 1
github.com/ethereum/go-ethereum/core/blockchain.go:725.2,725.21 1 1
github.com/ethereum/go-ethereum/core/blockchain.go:728.2,728.21 1 1
github.com/ethereum/go-ethereum/core/blockchain.go:732.2,733.6 2 1
github.com/ethereum/go-ethereum/core/blockchain.go:750.2,750.26 1 1
github.com/ethereum/go-ethereum/core/blockchain.go:755.2,757.33 2 1
github.com/ethereum/go-ethereum/core/blockchain.go:778.2,781.26 2 1
github.com/ethereum/go-ethereum/core/blockchain.go:787.2,789.12 2 1
github.com/ethereum/go-ethereum/core/blockchain.go:714.49,716.141 1 1
github.com/ethereum/go-ethereum/core/blockchain.go:716.141,718.4 1 1
github.com/ethereum/go-ethereum/core/blockchain.go:719.3,721.141 1 1
github.com/ethereum/go-ethereum/core/blockchain.go:721.141,723.4 1 1
github.com/ethereum/go-ethereum/core/blockchain.go:725.21,727.3 1 0
github.com/ethereum/go-ethereum/core/blockchain.go:728.21,730.3 1 0
github.com/ethereum/go-ethereum/core/blockchain.go:733.6,734.41 1 1
github.com/ethereum/go-ethereum/core/blockchain.go:738.3,742.22 4 1
github.com/ethereum/go-ethereum/core/blockchain.go:745.3,745.22 1 1
github.com/ethereum/go-ethereum/core/blockchain.go:734.41,736.9 2 1
github.com/ethereum/go-ethereum/core/blockchain.go:742.22,744.4 1 0
github.com/ethereum/go-ethereum/core/blockchain.go:745.22,747.4 1 0
github.com/ethereum/go-ethereum/core/blockchain.go:750.26,753.3 2 0
github.com/ethereum/go-ethereum/core/blockchain.go:757.33,761.84 2 1
github.com/ethereum/go-ethereum/core/blockchain.go:764.3,766.61 2 1
github.com/ethereum/go-ethereum/core/blockchain.go:770.3,770.85 1 1
github.com/ethereum/go-ethereum/core/blockchain.go:774.3,774.55 1 1
github.com/ethereum/go-ethereum/core/blockchain.go:761.84,763.4 1 0
github.com/ethereum/go-ethereum/core/blockchain.go:766.61,768.4 1 0
github.com/ethereum/go-ethereum/core/blockchain.go:770.85,772.4 1 0
github.com/ethereum/go-ethereum/core/blockchain.go:781.26,784.3 2 1
github.com/ethereum/go-ethereum/core/blockchain.go:794.63,795.31 1 1
github.com/ethereum/go-ethereum/core/blockchain.go:795.31,796.42 1 1
github.com/ethereum/go-ethereum/core/blockchain.go:805.3,805.28 1 1
github.com/ethereum/go-ethereum/core/blockchain.go:796.42,799.46 1 1
github.com/ethereum/go-ethereum/core/blockchain.go:799.46,802.5 2 1
github.com/ethereum/go-ethereum/core/blockchain.go:809.34,811.6 2 1
github.com/ethereum/go-ethereum/core/blockchain.go:811.6,812.10 1 1
github.com/ethereum/go-ethereum/core/blockchain.go:813.3,814.27 1 0
github.com/ethereum/go-ethereum/core/blockchain.go:815.3,816.10 1 0
github.com/ethereum/go-ethereum/core/blockchain.go:821.46,822.26 1 1
github.com/ethereum/go-ethereum/core/blockchain.go:822.26,825.3 2 0
github.com/ethereum/go-ethereum/core/chain_pow.go:35.115,37.33 2 1
github.com/ethereum/go-ethereum/core/chain_pow.go:40.2,40.37 1 1
github.com/ethereum/go-ethereum/core/chain_pow.go:37.33,39.3 1 1
github.com/ethereum/go-ethereum/core/chain_pow.go:46.112,48.31 2 1
github.com/ethereum/go-ethereum/core/chain_pow.go:51.2,51.37 1 1
github.com/ethereum/go-ethereum/core/chain_pow.go:48.31,50.3 1 1
github.com/ethereum/go-ethereum/core/chain_pow.go:56.98,59.26 2 1
github.com/ethereum/go-ethereum/core/chain_pow.go:63.2,65.31 3 1
github.com/ethereum/go-ethereum/core/chain_pow.go:73.2,74.12 2 1
github.com/ethereum/go-ethereum/core/chain_pow.go:86.2,86.23 1 1
github.com/ethereum/go-ethereum/core/chain_pow.go:59.26,61.3 1 1
github.com/ethereum/go-ethereum/core/chain_pow.go:65.31,66.13 1 1
github.com/ethereum/go-ethereum/core/chain_pow.go:66.13,67.29 1 1
github.com/ethereum/go-ethereum/core/chain_pow.go:67.29,69.5 1 1
github.com/ethereum/go-ethereum/core/chain_pow.go:74.12,77.24 2 1
github.com/ethereum/go-ethereum/core/chain_pow.go:77.24,78.11 1 1
github.com/ethereum/go-ethereum/core/chain_pow.go:79.4,80.13 1 1
github.com/ethereum/go-ethereum/core/chain_pow.go:81.4,82.11 1 1
github.com/ethereum/go-ethereum/core/default_genesis.go:26.51,28.2 1 0
github.com/ethereum/go-ethereum/core/execution.go:29.144,32.2 2 1
github.com/ethereum/go-ethereum/core/execution.go:35.148,39.2 3 0
github.com/ethereum/go-ethereum/core/execution.go:42.148,47.16 2 0
github.com/ethereum/go-ethereum/core/execution.go:50.2,50.26 1 0
github.com/ethereum/go-ethereum/core/execution.go:47.16,49.3 1 0
github.com/ethereum/go-ethereum/core/execution.go:53.185,58.55 2 1
github.com/ethereum/go-ethereum/core/execution.go:64.2,64.47 1 1
github.com/ethereum/go-ethereum/core/execution.go:70.2,71.20 2 1
github.com/ethereum/go-ethereum/core/execution.go:81.2,87.19 3 1
github.com/ethereum/go-ethereum/core/execution.go:96.2,102.16 5 1
github.com/ethereum/go-ethereum/core/execution.go:106.2,106.23 1 1
github.com/ethereum/go-ethereum/core/execution.go:58.55,62.3 2 0
github.com/ethereum/go-ethereum/core/execution.go:64.47,68.3 2 0
github.com/ethereum/go-ethereum/core/execution.go:71.20,80.3 5 0
github.com/ethereum/go-ethereum/core/execution.go:87.19,89.3 1 0
github.com/ethereum/go-ethereum/core/execution.go:89.3,90.32 1 1
github.com/ethereum/go-ethereum/core/execution.go:90.32,92.4 1 0
github.com/ethereum/go-ethereum/core/execution.go:92.4,94.4 1 1
github.com/ethereum/go-ethereum/core/execution.go:102.16,104.3 1 0
github.com/ethereum/go-ethereum/core/execution.go:110.53,113.2 2 1
github.com/ethereum/go-ethereum/core/bad_block.go:37.49,38.30 1 0
github.com/ethereum/go-ethereum/core/bad_block.go:42.2,60.16 9 0
github.com/ethereum/go-ethereum/core/bad_block.go:64.2,66.26 2 0
github.com/ethereum/go-ethereum/core/bad_block.go:38.30,40.3 1 0
github.com/ethereum/go-ethereum/core/bad_block.go:60.16,63.3 2 0
github.com/ethereum/go-ethereum/core/bad_block.go:66.26,71.3 4 0
github.com/ethereum/go-ethereum/core/transaction_util.go:37.91,40.42 2 1
github.com/ethereum/go-ethereum/core/transaction_util.go:64.2,64.38 1 1
github.com/ethereum/go-ethereum/core/transaction_util.go:67.2,67.12 1 1
github.com/ethereum/go-ethereum/core/transaction_util.go:40.42,42.17 2 1
github.com/ethereum/go-ethereum/core/transaction_util.go:46.3,57.17 7 1
github.com/ethereum/go-ethereum/core/transaction_util.go:61.3,61.56 1 1
github.com/ethereum/go-ethereum/core/transaction_util.go:42.17,44.4 1 0
github.com/ethereum/go-ethereum/core/transaction_util.go:57.17,59.4 1 0
github.com/ethereum/go-ethereum/core/transaction_util.go:64.38,66.3 1 0
github.com/ethereum/go-ethereum/core/transaction_util.go:70.63,72.2 1 1
github.com/ethereum/go-ethereum/core/transaction_util.go:74.79,76.20 2 1
github.com/ethereum/go-ethereum/core/transaction_util.go:83.2,83.12 1 1
github.com/ethereum/go-ethereum/core/transaction_util.go:76.20,78.52 2 1
github.com/ethereum/go-ethereum/core/transaction_util.go:81.3,81.13 1 1
github.com/ethereum/go-ethereum/core/transaction_util.go:78.52,80.4 1 0
github.com/ethereum/go-ethereum/core/transaction_util.go:87.68,91.35 3 1
github.com/ethereum/go-ethereum/core/transaction_util.go:107.2,107.43 1 1
github.com/ethereum/go-ethereum/core/transaction_util.go:113.2,113.12 1 1
github.com/ethereum/go-ethereum/core/transaction_util.go:91.35,94.17 3 1
github.com/ethereum/go-ethereum/core/transaction_util.go:98.3,98.17 1 1
github.com/ethereum/go-ethereum/core/transaction_util.go:94.17,96.4 1 0
github.com/ethereum/go-ethereum/core/transaction_util.go:98.17,100.4 1 1
github.com/ethereum/go-ethereum/core/transaction_util.go:100.4,102.18 2 1
github.com/ethereum/go-ethereum/core/transaction_util.go:102.18,104.5 1 0
github.com/ethereum/go-ethereum/core/transaction_util.go:107.43,108.52 1 1
github.com/ethereum/go-ethereum/core/transaction_util.go:108.52,110.4 1 0
github.com/ethereum/go-ethereum/core/transaction_util.go:117.59,119.2 1 1
github.com/ethereum/go-ethereum/core/transaction_util.go:122.71,124.20 2 1
github.com/ethereum/go-ethereum/core/transaction_util.go:128.2,130.16 3 1
github.com/ethereum/go-ethereum/core/transaction_util.go:133.2,133.17 1 1
github.com/ethereum/go-ethereum/core/transaction_util.go:124.20,126.3 1 1
github.com/ethereum/go-ethereum/core/transaction_util.go:130.16,132.3 1 0
github.com/ethereum/go-ethereum/core/transaction_util.go:138.75,140.20 2 1
github.com/ethereum/go-ethereum/core/transaction_util.go:144.2,146.16 3 1
github.com/ethereum/go-ethereum/core/transaction_util.go:149.2,149.17 1 1
github.com/ethereum/go-ethereum/core/transaction_util.go:140.20,142.3 1 0
github.com/ethereum/go-ethereum/core/transaction_util.go:146.16,148.3 1 0
github.com/ethereum/go-ethereum/core/transaction_util.go:155.93,157.35 2 1
github.com/ethereum/go-ethereum/core/transaction_util.go:160.2,161.16 2 1
github.com/ethereum/go-ethereum/core/transaction_util.go:165.2,167.16 3 1
github.com/ethereum/go-ethereum/core/transaction_util.go:171.2,171.12 1 1
github.com/ethereum/go-ethereum/core/transaction_util.go:157.35,159.3 1 1
github.com/ethereum/go-ethereum/core/transaction_util.go:161.16,163.3 1 0
github.com/ethereum/go-ethereum/core/transaction_util.go:167.16,169.3 1 0
github.com/ethereum/go-ethereum/core/vm_env.go:39.96,47.2 1 1
github.com/ethereum/go-ethereum/core/vm_env.go:49.46,49.83 2 0
github.com/ethereum/go-ethereum/core/vm_env.go:50.46,50.75 1 0
github.com/ethereum/go-ethereum/core/vm_env.go:51.46,51.77 1 1
github.com/ethereum/go-ethereum/core/vm_env.go:52.46,52.73 1 0
github.com/ethereum/go-ethereum/core/vm_env.go:53.46,53.79 1 0
github.com/ethereum/go-ethereum/core/vm_env.go:54.46,54.77 1 0
github.com/ethereum/go-ethereum/core/vm_env.go:55.46,55.73 1 0
github.com/ethereum/go-ethereum/core/vm_env.go:56.46,56.67 1 1
github.com/ethereum/go-ethereum/core/vm_env.go:57.46,57.67 1 1
github.com/ethereum/go-ethereum/core/vm_env.go:58.46,58.64 1 1
github.com/ethereum/go-ethereum/core/vm_env.go:59.46,59.65 1 1
github.com/ethereum/go-ethereum/core/vm_env.go:60.46,60.62 1 0
github.com/ethereum/go-ethereum/core/vm_env.go:61.50,62.59 1 0
github.com/ethereum/go-ethereum/core/vm_env.go:66.2,66.22 1 0
github.com/ethereum/go-ethereum/core/vm_env.go:62.59,64.3 1 0
github.com/ethereum/go-ethereum/core/vm_env.go:69.40,71.2 1 0
github.com/ethereum/go-ethereum/core/vm_env.go:72.76,74.2 1 1
github.com/ethereum/go-ethereum/core/vm_env.go:76.47,78.2 1 1
github.com/ethereum/go-ethereum/core/vm_env.go:80.50,82.2 1 0
github.com/ethereum/go-ethereum/core/vm_env.go:84.67,86.2 1 1
github.com/ethereum/go-ethereum/core/vm_env.go:88.122,90.2 1 1
github.com/ethereum/go-ethereum/core/vm_env.go:91.126,93.2 1 0
github.com/ethereum/go-ethereum/core/vm_env.go:95.119,97.2 1 0
github.com/ethereum/go-ethereum/core/vm_env.go:99.48,101.2 1 0
github.com/ethereum/go-ethereum/core/vm_env.go:103.51,105.2 1 0
github.com/ethereum/go-ethereum/core/chain_makers.go:35.92,37.2 1 0
github.com/ethereum/go-ethereum/core/chain_makers.go:38.47,38.62 1 1
github.com/ethereum/go-ethereum/core/chain_makers.go:39.47,39.59 1 0
github.com/ethereum/go-ethereum/core/chain_makers.go:40.47,40.49 0 0
github.com/ethereum/go-ethereum/core/chain_makers.go:65.53,66.23 1 1
github.com/ethereum/go-ethereum/core/chain_makers.go:72.2,74.43 3 1
github.com/ethereum/go-ethereum/core/chain_makers.go:66.23,67.21 1 0
github.com/ethereum/go-ethereum/core/chain_makers.go:70.3,70.41 1 0
github.com/ethereum/go-ethereum/core/chain_makers.go:67.21,68.60 1 0
github.com/ethereum/go-ethereum/core/chain_makers.go:78.42,80.2 1 1
github.com/ethereum/go-ethereum/core/chain_makers.go:90.49,91.23 1 1
github.com/ethereum/go-ethereum/core/chain_makers.go:94.2,95.16 2 1
github.com/ethereum/go-ethereum/core/chain_makers.go:98.2,105.42 8 1
github.com/ethereum/go-ethereum/core/chain_makers.go:91.23,93.3 1 1
github.com/ethereum/go-ethereum/core/chain_makers.go:95.16,96.13 1 0
github.com/ethereum/go-ethereum/core/chain_makers.go:113.64,115.2 1 1
github.com/ethereum/go-ethereum/core/chain_makers.go:119.56,120.33 1 1
github.com/ethereum/go-ethereum/core/chain_makers.go:123.2,123.33 1 1
github.com/ethereum/go-ethereum/core/chain_makers.go:120.33,121.34 1 0
github.com/ethereum/go-ethereum/core/chain_makers.go:127.46,129.2 1 1
github.com/ethereum/go-ethereum/core/chain_makers.go:134.54,135.18 1 1
github.com/ethereum/go-ethereum/core/chain_makers.go:138.2,138.17 1 1
github.com/ethereum/go-ethereum/core/chain_makers.go:141.2,141.23 1 1
github.com/ethereum/go-ethereum/core/chain_makers.go:135.18,136.36 1 0
github.com/ethereum/go-ethereum/core/chain_makers.go:138.17,140.3 1 0
github.com/ethereum/go-ethereum/core/chain_makers.go:147.46,149.52 2 1
github.com/ethereum/go-ethereum/core/chain_makers.go:152.2,152.130 1 1
github.com/ethereum/go-ethereum/core/chain_makers.go:149.52,150.35 1 0
github.com/ethereum/go-ethereum/core/chain_makers.go:167.108,169.16 2 1
github.com/ethereum/go-ethereum/core/chain_makers.go:172.2,173.56 2 1
github.com/ethereum/go-ethereum/core/chain_makers.go:186.2,186.25 1 1
github.com/ethereum/go-ethereum/core/chain_makers.go:192.2,192.15 1 1
github.com/ethereum/go-ethereum/core/chain_makers.go:169.16,170.13 1 0
github.com/ethereum/go-ethereum/core/chain_makers.go:173.56,175.17 2 1
github.com/ethereum/go-ethereum/core/chain_makers.go:178.3,180.17 3 1
github.com/ethereum/go-ethereum/core/chain_makers.go:183.3,184.56 2 1
github.com/ethereum/go-ethereum/core/chain_makers.go:175.17,177.4 1 1
github.com/ethereum/go-ethereum/core/chain_makers.go:180.17,181.52 1 0
github.com/ethereum/go-ethereum/core/chain_makers.go:186.25,191.3 4 1
github.com/ethereum/go-ethereum/core/chain_makers.go:195.74,197.26 2 1
github.com/ethereum/go-ethereum/core/chain_makers.go:202.2,211.3 1 1
github.com/ethereum/go-ethereum/core/chain_makers.go:197.26,199.3 1 0
github.com/ethereum/go-ethereum/core/chain_makers.go:199.3,201.3 1 1
github.com/ethereum/go-ethereum/core/chain_makers.go:216.70,224.12 7 1
github.com/ethereum/go-ethereum/core/chain_makers.go:227.2,229.18 3 1
github.com/ethereum/go-ethereum/core/chain_makers.go:224.12,226.3 1 1
github.com/ethereum/go-ethereum/core/chain_makers.go:232.88,233.63 1 1
github.com/ethereum/go-ethereum/core/chain_makers.go:233.63,235.3 1 1
github.com/ethereum/go-ethereum/core/chain_util.go:57.90,66.71 7 1
github.com/ethereum/go-ethereum/core/chain_util.go:71.2,71.44 1 1
github.com/ethereum/go-ethereum/core/chain_util.go:75.2,77.38 3 1
github.com/ethereum/go-ethereum/core/chain_util.go:85.2,85.13 1 1
github.com/ethereum/go-ethereum/core/chain_util.go:66.71,68.3 1 1
github.com/ethereum/go-ethereum/core/chain_util.go:68.3,70.3 1 1
github.com/ethereum/go-ethereum/core/chain_util.go:71.44,73.3 1 0
github.com/ethereum/go-ethereum/core/chain_util.go:77.38,83.3 4 1
github.com/ethereum/go-ethereum/core/chain_util.go:91.49,114.40 9 1
github.com/ethereum/go-ethereum/core/chain_util.go:118.2,118.11 1 1
github.com/ethereum/go-ethereum/core/chain_util.go:114.40,117.3 2 1
github.com/ethereum/go-ethereum/core/chain_util.go:122.69,124.20 2 1
github.com/ethereum/go-ethereum/core/chain_util.go:127.2,127.33 1 1
github.com/ethereum/go-ethereum/core/chain_util.go:124.20,126.3 1 1
github.com/ethereum/go-ethereum/core/chain_util.go:135.55,137.20 2 1
github.com/ethereum/go-ethereum/core/chain_util.go:140.2,140.33 1 1
github.com/ethereum/go-ethereum/core/chain_util.go:137.20,139.3 1 1
github.com/ethereum/go-ethereum/core/chain_util.go:144.54,146.20 2 1
github.com/ethereum/go-ethereum/core/chain_util.go:149.2,149.33 1 1
github.com/ethereum/go-ethereum/core/chain_util.go:146.20,148.3 1 1
github.com/ethereum/go-ethereum/core/chain_util.go:154.69,157.2 2 1
github.com/ethereum/go-ethereum/core/chain_util.go:161.67,163.20 2 1
github.com/ethereum/go-ethereum/core/chain_util.go:166.2,167.66 2 1
github.com/ethereum/go-ethereum/core/chain_util.go:171.2,171.15 1 1
github.com/ethereum/go-ethereum/core/chain_util.go:163.20,165.3 1 1
github.com/ethereum/go-ethereum/core/chain_util.go:167.66,170.3 2 0
github.com/ethereum/go-ethereum/core/chain_util.go:175.67,178.2 2 1
github.com/ethereum/go-ethereum/core/chain_util.go:182.63,184.20 2 1
github.com/ethereum/go-ethereum/core/chain_util.go:187.2,188.64 2 1
github.com/ethereum/go-ethereum/core/chain_util.go:192.2,192.13 1 1
github.com/ethereum/go-ethereum/core/chain_util.go:184.20,186.3 1 1
github.com/ethereum/go-ethereum/core/chain_util.go:188.64,191.3 2 0
github.com/ethereum/go-ethereum/core/chain_util.go:197.58,199.20 2 1
github.com/ethereum/go-ethereum/core/chain_util.go:202.2,203.62 2 1
github.com/ethereum/go-ethereum/core/chain_util.go:207.2,207.11 1 1
github.com/ethereum/go-ethereum/core/chain_util.go:199.20,201.3 1 1
github.com/ethereum/go-ethereum/core/chain_util.go:203.62,206.3 2 0
github.com/ethereum/go-ethereum/core/chain_util.go:212.65,215.19 2 1
github.com/ethereum/go-ethereum/core/chain_util.go:218.2,219.17 2 1
github.com/ethereum/go-ethereum/core/chain_util.go:223.2,223.82 1 1
github.com/ethereum/go-ethereum/core/chain_util.go:215.19,217.3 1 1
github.com/ethereum/go-ethereum/core/chain_util.go:219.17,221.3 1 1
github.com/ethereum/go-ethereum/core/chain_util.go:227.83,229.50 2 1
github.com/ethereum/go-ethereum/core/chain_util.go:233.2,233.12 1 1
github.com/ethereum/go-ethereum/core/chain_util.go:229.50,232.3 2 0
github.com/ethereum/go-ethereum/core/chain_util.go:237.69,238.60 1 1
github.com/ethereum/go-ethereum/core/chain_util.go:242.2,242.12 1 1
github.com/ethereum/go-ethereum/core/chain_util.go:238.60,241.3 2 0
github.com/ethereum/go-ethereum/core/chain_util.go:246.68,247.59 1 1
github.com/ethereum/go-ethereum/core/chain_util.go:251.2,251.12 1 1
github.com/ethereum/go-ethereum/core/chain_util.go:247.59,250.3 2 0
github.com/ethereum/go-ethereum/core/chain_util.go:255.65,257.16 2 1
github.com/ethereum/go-ethereum/core/chain_util.go:260.2,261.42 2 1
github.com/ethereum/go-ethereum/core/chain_util.go:265.2,266.12 2 1
github.com/ethereum/go-ethereum/core/chain_util.go:257.16,259.3 1 0
github.com/ethereum/go-ethereum/core/chain_util.go:261.42,264.3 2 0
github.com/ethereum/go-ethereum/core/chain_util.go:270.77,272.16 2 1
github.com/ethereum/go-ethereum/core/chain_util.go:275.2,276.42 2 1
github.com/ethereum/go-ethereum/core/chain_util.go:280.2,281.12 2 1
github.com/ethereum/go-ethereum/core/chain_util.go:272.16,274.3 1 0
github.com/ethereum/go-ethereum/core/chain_util.go:276.42,279.3 2 0
github.com/ethereum/go-ethereum/core/chain_util.go:285.70,287.16 2 1
github.com/ethereum/go-ethereum/core/chain_util.go:290.2,291.42 2 1
github.com/ethereum/go-ethereum/core/chain_util.go:295.2,296.12 2 1
github.com/ethereum/go-ethereum/core/chain_util.go:287.16,289.3 1 0
github.com/ethereum/go-ethereum/core/chain_util.go:291.42,294.3 2 0
github.com/ethereum/go-ethereum/core/chain_util.go:300.62,302.103 1 1
github.com/ethereum/go-ethereum/core/chain_util.go:306.2,306.56 1 1
github.com/ethereum/go-ethereum/core/chain_util.go:309.2,309.12 1 1
github.com/ethereum/go-ethereum/core/chain_util.go:302.103,304.3 1 0
github.com/ethereum/go-ethereum/core/chain_util.go:306.56,308.3 1 0
github.com/ethereum/go-ethereum/core/chain_util.go:313.60,315.2 1 1
github.com/ethereum/go-ethereum/core/chain_util.go:318.56,320.2 1 1
github.com/ethereum/go-ethereum/core/chain_util.go:323.54,325.2 1 1
github.com/ethereum/go-ethereum/core/chain_util.go:328.52,330.2 1 1
github.com/ethereum/go-ethereum/core/chain_util.go:333.55,337.2 3 1
github.com/ethereum/go-ethereum/core/chain_util.go:344.74,346.20 2 0
github.com/ethereum/go-ethereum/core/chain_util.go:349.2,350.66 2 0
github.com/ethereum/go-ethereum/core/chain_util.go:354.2,354.31 1 0
github.com/ethereum/go-ethereum/core/chain_util.go:346.20,348.3 1 0
github.com/ethereum/go-ethereum/core/chain_util.go:350.66,353.3 2 0
github.com/ethereum/go-ethereum/core/chain_util.go:360.42,366.2 4 1
github.com/ethereum/go-ethereum/core/chain_util.go:370.88,372.37 2 1
github.com/ethereum/go-ethereum/core/chain_util.go:383.2,383.38 1 1
github.com/ethereum/go-ethereum/core/chain_util.go:386.2,386.12 1 1
github.com/ethereum/go-ethereum/core/chain_util.go:372.37,376.36 4 1
github.com/ethereum/go-ethereum/core/chain_util.go:381.3,381.32 1 1
github.com/ethereum/go-ethereum/core/chain_util.go:376.36,377.39 1 1
github.com/ethereum/go-ethereum/core/chain_util.go:377.39,379.5 1 1
github.com/ethereum/go-ethereum/core/chain_util.go:383.38,385.3 1 0
github.com/ethereum/go-ethereum/core/chain_util.go:391.74,394.2 2 1
github.com/ethereum/go-ethereum/core/chain_util.go:398.106,399.80 1 1
github.com/ethereum/go-ethereum/core/chain_util.go:403.2,403.11 1 1
github.com/ethereum/go-ethereum/core/chain_util.go:412.2,412.39 1 1
github.com/ethereum/go-ethereum/core/chain_util.go:416.2,417.38 2 1
github.com/ethereum/go-ethereum/core/chain_util.go:421.2,426.72 6 1
github.com/ethereum/go-ethereum/core/chain_util.go:430.2,432.33 3 1
github.com/ethereum/go-ethereum/core/chain_util.go:436.2,436.14 1 1
github.com/ethereum/go-ethereum/core/chain_util.go:442.2,442.12 1 1
github.com/ethereum/go-ethereum/core/chain_util.go:399.80,401.3 1 0
github.com/ethereum/go-ethereum/core/chain_util.go:403.11,404.42 1 1
github.com/ethereum/go-ethereum/core/chain_util.go:404.42,406.4 1 0
github.com/ethereum/go-ethereum/core/chain_util.go:407.3,408.58 1 1
github.com/ethereum/go-ethereum/core/chain_util.go:408.58,410.4 1 0
github.com/ethereum/go-ethereum/core/chain_util.go:412.39,414.3 1 0
github.com/ethereum/go-ethereum/core/chain_util.go:417.38,419.3 1 0
github.com/ethereum/go-ethereum/core/chain_util.go:426.72,428.3 1 0
github.com/ethereum/go-ethereum/core/chain_util.go:432.33,434.3 1 1
github.com/ethereum/go-ethereum/core/chain_util.go:436.14,438.52 1 1
github.com/ethereum/go-ethereum/core/chain_util.go:438.52,440.4 1 0
github.com/ethereum/go-ethereum/core/error.go:40.38,42.2 1 0
github.com/ethereum/go-ethereum/core/error.go:44.42,46.2 1 1
github.com/ethereum/go-ethereum/core/error.go:48.34,51.2 2 0
github.com/ethereum/go-ethereum/core/error.go:57.37,59.2 1 0
github.com/ethereum/go-ethereum/core/error.go:61.56,63.2 1 0
github.com/ethereum/go-ethereum/core/error.go:65.33,68.2 2 0
github.com/ethereum/go-ethereum/core/error.go:75.42,77.2 1 0
github.com/ethereum/go-ethereum/core/error.go:79.70,81.2 1 0
github.com/ethereum/go-ethereum/core/error.go:83.38,86.2 2 0
github.com/ethereum/go-ethereum/core/error.go:93.37,95.2 1 0
github.com/ethereum/go-ethereum/core/error.go:97.43,99.2 1 0
github.com/ethereum/go-ethereum/core/error.go:101.33,104.2 2 0
github.com/ethereum/go-ethereum/core/error.go:113.42,115.2 1 0
github.com/ethereum/go-ethereum/core/error.go:118.38,121.2 2 1
github.com/ethereum/go-ethereum/core/error.go:127.41,129.2 1 0
github.com/ethereum/go-ethereum/core/error.go:131.46,133.2 1 0
github.com/ethereum/go-ethereum/core/error.go:135.37,138.2 2 0
github.com/ethereum/go-ethereum/core/error.go:144.37,146.2 1 0
github.com/ethereum/go-ethereum/core/error.go:147.30,150.2 2 0
github.com/ethereum/go-ethereum/core/error.go:157.45,159.2 1 0
github.com/ethereum/go-ethereum/core/error.go:160.36,163.2 2 1
github.com/ethereum/go-ethereum/core/error.go:169.73,171.2 1 0
github.com/ethereum/go-ethereum/core/error.go:173.48,175.2 1 0
github.com/ethereum/go-ethereum/core/error.go:176.39,179.2 2 0
github.com/ethereum/go-ethereum/core/error.go:183.38,185.2 1 0
github.com/ethereum/go-ethereum/core/error.go:187.37,190.2 2 1
github.com/ethereum/go-ethereum/core/block_validator.go:59.121,67.2 2 1
github.com/ethereum/go-ethereum/core/block_validator.go:76.134,77.34 1 1
github.com/ethereum/go-ethereum/core/block_validator.go:81.2,81.41 1 1
github.com/ethereum/go-ethereum/core/block_validator.go:84.2,84.73 1 1
github.com/ethereum/go-ethereum/core/block_validator.go:77.34,79.3 1 1
github.com/ethereum/go-ethereum/core/block_validator.go:81.41,83.3 1 1
github.com/ethereum/go-ethereum/core/block_validator.go:90.98,93.74 3 1
github.com/ethereum/go-ethereum/core/block_validator.go:100.2,103.39 3 1
github.com/ethereum/go-ethereum/core/block_validator.go:129.2,129.12 1 1
github.com/ethereum/go-ethereum/core/block_validator.go:93.74,96.43 2 1
github.com/ethereum/go-ethereum/core/block_validator.go:96.43,98.4 1 1
github.com/ethereum/go-ethereum/core/block_validator.go:103.39,105.23 2 1
github.com/ethereum/go-ethereum/core/block_validator.go:109.3,111.29 2 1
github.com/ethereum/go-ethereum/core/block_validator.go:120.3,120.78 1 1
github.com/ethereum/go-ethereum/core/block_validator.go:124.3,124.105 1 1
github.com/ethereum/go-ethereum/core/block_validator.go:105.23,108.4 1 0
github.com/ethereum/go-ethereum/core/block_validator.go:111.29,113.29 2 0
github.com/ethereum/go-ethereum/core/block_validator.go:116.4,117.63 2 0
github.com/ethereum/go-ethereum/core/block_validator.go:113.29,115.5 1 0
github.com/ethereum/go-ethereum/core/block_validator.go:120.78,122.4 1 0
github.com/ethereum/go-ethereum/core/block_validator.go:124.105,126.4 1 0
github.com/ethereum/go-ethereum/core/block_validator.go:132.155,138.16 4 1
github.com/ethereum/go-ethereum/core/block_validator.go:142.2,142.22 1 1
github.com/ethereum/go-ethereum/core/block_validator.go:138.16,140.3 1 0
github.com/ethereum/go-ethereum/core/block_validator.go:145.154,148.16 2 1
github.com/ethereum/go-ethereum/core/block_validator.go:151.2,156.85 4 1
github.com/ethereum/go-ethereum/core/block_validator.go:161.2,161.21 1 1
github.com/ethereum/go-ethereum/core/block_validator.go:166.2,167.16 2 1
github.com/ethereum/go-ethereum/core/block_validator.go:173.2,174.28 2 1
github.com/ethereum/go-ethereum/core/block_validator.go:181.2,182.28 2 1
github.com/ethereum/go-ethereum/core/block_validator.go:188.2,189.38 2 1
github.com/ethereum/go-ethereum/core/block_validator.go:195.2,196.35 2 1
github.com/ethereum/go-ethereum/core/block_validator.go:202.2,202.63 1 1
github.com/ethereum/go-ethereum/core/block_validator.go:206.2,212.25 3 1
github.com/ethereum/go-ethereum/core/block_validator.go:217.2,217.38 1 1
github.com/ethereum/go-ethereum/core/block_validator.go:148.16,150.3 1 0
github.com/ethereum/go-ethereum/core/block_validator.go:156.85,158.3 1 0
github.com/ethereum/go-ethereum/core/block_validator.go:161.21,164.3 2 0
github.com/ethereum/go-ethereum/core/block_validator.go:167.16,169.3 1 0
github.com/ethereum/go-ethereum/core/block_validator.go:174.28,177.3 2 0
github.com/ethereum/go-ethereum/core/block_validator.go:182.28,185.3 2 0
github.com/ethereum/go-ethereum/core/block_validator.go:189.38,192.3 2 0
github.com/ethereum/go-ethereum/core/block_validator.go:196.35,199.3 2 0
github.com/ethereum/go-ethereum/core/block_validator.go:202.63,204.3 1 0
github.com/ethereum/go-ethereum/core/block_validator.go:212.25,215.3 2 0
github.com/ethereum/go-ethereum/core/block_validator.go:222.151,231.25 2 1
github.com/ethereum/go-ethereum/core/block_validator.go:249.2,249.44 1 1
github.com/ethereum/go-ethereum/core/block_validator.go:253.2,253.22 1 1
github.com/ethereum/go-ethereum/core/block_validator.go:231.25,235.17 3 1
github.com/ethereum/go-ethereum/core/block_validator.go:238.3,241.17 3 1
github.com/ethereum/go-ethereum/core/block_validator.go:244.3,246.75 2 1
github.com/ethereum/go-ethereum/core/block_validator.go:235.17,237.4 1 0
github.com/ethereum/go-ethereum/core/block_validator.go:241.17,243.4 1 0
github.com/ethereum/go-ethereum/core/block_validator.go:249.44,251.3 1 0
github.com/ethereum/go-ethereum/core/block_validator.go:265.94,268.31 3 1
github.com/ethereum/go-ethereum/core/block_validator.go:278.2,278.45 1 1
github.com/ethereum/go-ethereum/core/block_validator.go:268.31,277.3 7 1
github.com/ethereum/go-ethereum/core/block_validator.go:286.181,288.16 2 1
github.com/ethereum/go-ethereum/core/block_validator.go:293.2,297.32 5 1
github.com/ethereum/go-ethereum/core/block_validator.go:302.2,308.32 5 1
github.com/ethereum/go-ethereum/core/block_validator.go:288.16,290.3 1 0
github.com/ethereum/go-ethereum/core/block_validator.go:297.32,300.3 2 0
github.com/ethereum/go-ethereum/core/canary.go:36.42,38.74 2 0
github.com/ethereum/go-ethereum/core/canary.go:41.2,41.73 1 0
github.com/ethereum/go-ethereum/core/canary.go:44.2,44.79 1 0
github.com/ethereum/go-ethereum/core/canary.go:47.2,47.77 1 0
github.com/ethereum/go-ethereum/core/canary.go:50.2,50.14 1 0
github.com/ethereum/go-ethereum/core/canary.go:38.74,40.3 1 0
github.com/ethereum/go-ethereum/core/canary.go:41.73,43.3 1 0
github.com/ethereum/go-ethereum/core/canary.go:44.79,46.3 1 0
github.com/ethereum/go-ethereum/core/canary.go:47.77,49.3 1 0
github.com/ethereum/go-ethereum/core/state_transition.go:72.47,74.2 1 1
github.com/ethereum/go-ethereum/core/state_transition.go:78.41,80.19 2 1
github.com/ethereum/go-ethereum/core/state_transition.go:94.2,94.13 1 1
github.com/ethereum/go-ethereum/core/state_transition.go:80.19,82.28 2 0
github.com/ethereum/go-ethereum/core/state_transition.go:87.3,92.20 6 0
github.com/ethereum/go-ethereum/core/state_transition.go:82.28,83.16 1 0
github.com/ethereum/go-ethereum/core/state_transition.go:83.16,85.5 1 0
github.com/ethereum/go-ethereum/core/state_transition.go:97.90,110.2 2 1
github.com/ethereum/go-ethereum/core/state_transition.go:112.57,114.16 2 1
github.com/ethereum/go-ethereum/core/state_transition.go:117.2,117.26 1 1
github.com/ethereum/go-ethereum/core/state_transition.go:120.2,120.38 1 1
github.com/ethereum/go-ethereum/core/state_transition.go:114.16,116.3 1 0
github.com/ethereum/go-ethereum/core/state_transition.go:117.26,119.3 1 0
github.com/ethereum/go-ethereum/core/state_transition.go:122.46,123.21 1 1
github.com/ethereum/go-ethereum/core/state_transition.go:126.2,127.15 2 1
github.com/ethereum/go-ethereum/core/state_transition.go:131.2,131.28 1 1
github.com/ethereum/go-ethereum/core/state_transition.go:134.2,134.35 1 1
github.com/ethereum/go-ethereum/core/state_transition.go:123.21,125.3 1 0
github.com/ethereum/go-ethereum/core/state_transition.go:127.15,129.3 1 0
github.com/ethereum/go-ethereum/core/state_transition.go:131.28,133.3 1 1
github.com/ethereum/go-ethereum/core/state_transition.go:137.60,138.30 1 1
github.com/ethereum/go-ethereum/core/state_transition.go:141.2,143.12 2 1
github.com/ethereum/go-ethereum/core/state_transition.go:138.30,140.3 1 0
github.com/ethereum/go-ethereum/core/state_transition.go:146.54,148.2 1 1
github.com/ethereum/go-ethereum/core/state_transition.go:150.45,155.16 4 1
github.com/ethereum/go-ethereum/core/state_transition.go:158.2,158.37 1 1
github.com/ethereum/go-ethereum/core/state_transition.go:161.2,161.59 1 1
github.com/ethereum/go-ethereum/core/state_transition.go:164.2,167.12 4 1
github.com/ethereum/go-ethereum/core/state_transition.go:155.16,157.3 1 0
github.com/ethereum/go-ethereum/core/state_transition.go:158.37,160.3 1 0
github.com/ethereum/go-ethereum/core/state_transition.go:161.59,163.3 1 0
github.com/ethereum/go-ethereum/core/state_transition.go:170.53,173.16 3 1
github.com/ethereum/go-ethereum/core/state_transition.go:179.2,179.66 1 1
github.com/ethereum/go-ethereum/core/state_transition.go:184.2,184.37 1 1
github.com/ethereum/go-ethereum/core/state_transition.go:191.2,191.12 1 1
github.com/ethereum/go-ethereum/core/state_transition.go:173.16,175.3 1 0
github.com/ethereum/go-ethereum/core/state_transition.go:179.66,181.3 1 0
github.com/ethereum/go-ethereum/core/state_transition.go:184.37,185.31 1 0
github.com/ethereum/go-ethereum/core/state_transition.go:188.3,188.29 1 0
github.com/ethereum/go-ethereum/core/state_transition.go:185.31,187.4 1 0
github.com/ethereum/go-ethereum/core/state_transition.go:194.87,195.39 1 1
github.com/ethereum/go-ethereum/core/state_transition.go:199.2,203.60 3 1
github.com/ethereum/go-ethereum/core/state_transition.go:207.2,209.33 3 1
github.com/ethereum/go-ethereum/core/state_transition.go:229.2,229.43 1 1
github.com/ethereum/go-ethereum/core/state_transition.go:234.2,234.16 1 1
github.com/ethereum/go-ethereum/core/state_transition.go:238.2,238.14 1 1
github.com/ethereum/go-ethereum/core/state_transition.go:242.2,245.33 3 1
github.com/ethereum/go-ethereum/core/state_transition.go:195.39,197.3 1 0
github.com/ethereum/go-ethereum/core/state_transition.go:203.60,205.3 1 0
github.com/ethereum/go-ethereum/core/state_transition.go:209.33,211.17 2 0
github.com/ethereum/go-ethereum/core/state_transition.go:221.3,221.52 1 0
github.com/ethereum/go-ethereum/core/state_transition.go:211.17,214.47 3 0
github.com/ethereum/go-ethereum/core/state_transition.go:214.47,216.5 1 0
github.com/ethereum/go-ethereum/core/state_transition.go:216.5,219.5 2 0
github.com/ethereum/go-ethereum/core/state_transition.go:222.3,227.3 3 1
github.com/ethereum/go-ethereum/core/state_transition.go:229.43,231.3 1 0
github.com/ethereum/go-ethereum/core/state_transition.go:234.16,236.3 1 0
github.com/ethereum/go-ethereum/core/state_transition.go:238.14,240.3 1 0
github.com/ethereum/go-ethereum/core/state_transition.go:248.42,260.2 8 1
github.com/ethereum/go-ethereum/core/state_transition.go:262.49,264.2 1 1
github.com/ethereum/go-ethereum/core/transaction_pool.go:74.101,89.2 3 1
github.com/ethereum/go-ethereum/core/transaction_pool.go:91.33,95.37 1 1
github.com/ethereum/go-ethereum/core/transaction_pool.go:95.37,96.31 1 1
github.com/ethereum/go-ethereum/core/transaction_pool.go:97.3,100.20 3 1
github.com/ethereum/go-ethereum/core/transaction_pool.go:101.3,104.20 3 0
github.com/ethereum/go-ethereum/core/transaction_pool.go:105.3,106.32 1 1
github.com/ethereum/go-ethereum/core/transaction_pool.go:111.34,113.16 2 1
github.com/ethereum/go-ethereum/core/transaction_pool.go:117.2,118.16 2 1
github.com/ethereum/go-ethereum/core/transaction_pool.go:122.2,132.34 3 1
github.com/ethereum/go-ethereum/core/transaction_pool.go:144.2,144.19 1 1
github.com/ethereum/go-ethereum/core/transaction_pool.go:113.16,116.3 2 0
github.com/ethereum/go-ethereum/core/transaction_pool.go:118.16,121.3 2 0
github.com/ethereum/go-ethereum/core/transaction_pool.go:132.34,133.41 1 1
github.com/ethereum/go-ethereum/core/transaction_pool.go:133.41,136.54 1 1
github.com/ethereum/go-ethereum/core/transaction_pool.go:136.54,138.5 1 1
github.com/ethereum/go-ethereum/core/transaction_pool.go:147.28,151.2 3 0
github.com/ethereum/go-ethereum/core/transaction_pool.go:153.49,158.2 3 0
github.com/ethereum/go-ethereum/core/transaction_pool.go:160.55,165.33 4 0
github.com/ethereum/go-ethereum/core/transaction_pool.go:168.2,168.8 1 0
github.com/ethereum/go-ethereum/core/transaction_pool.go:165.33,167.3 1 0
github.com/ethereum/go-ethereum/core/transaction_pool.go:173.61,181.45 2 1
github.com/ethereum/go-ethereum/core/transaction_pool.go:187.2,187.39 1 1
github.com/ethereum/go-ethereum/core/transaction_pool.go:193.2,194.16 2 1
github.com/ethereum/go-ethereum/core/transaction_pool.go:197.2,197.36 1 1
github.com/ethereum/go-ethereum/core/transaction_pool.go:202.2,202.46 1 1
github.com/ethereum/go-ethereum/core/transaction_pool.go:208.2,208.39 1 1
github.com/ethereum/go-ethereum/core/transaction_pool.go:215.2,215.37 1 1
github.com/ethereum/go-ethereum/core/transaction_pool.go:221.2,221.54 1 1
github.com/ethereum/go-ethereum/core/transaction_pool.go:226.2,226.47 1 1
github.com/ethereum/go-ethereum/core/transaction_pool.go:230.2,230.12 1 1
github.com/ethereum/go-ethereum/core/transaction_pool.go:181.45,183.3 1 0
github.com/ethereum/go-ethereum/core/transaction_pool.go:187.39,189.3 1 0
github.com/ethereum/go-ethereum/core/transaction_pool.go:194.16,196.3 1 0
github.com/ethereum/go-ethereum/core/transaction_pool.go:197.36,199.3 1 1
github.com/ethereum/go-ethereum/core/transaction_pool.go:202.46,204.3 1 1
github.com/ethereum/go-ethereum/core/transaction_pool.go:208.39,210.3 1 0
github.com/ethereum/go-ethereum/core/transaction_pool.go:215.37,217.3 1 1
github.com/ethereum/go-ethereum/core/transaction_pool.go:221.54,223.3 1 1
github.com/ethereum/go-ethereum/core/transaction_pool.go:226.47,228.3 1 1
github.com/ethereum/go-ethereum/core/transaction_pool.go:234.54,237.31 2 1
github.com/ethereum/go-ethereum/core/transaction_pool.go:240.2,241.16 2 1
github.com/ethereum/go-ethereum/core/transaction_pool.go:244.2,246.26 2 1
github.com/ethereum/go-ethereum/core/transaction_pool.go:260.2,260.12 1 1
github.com/ethereum/go-ethereum/core/transaction_pool.go:237.31,239.3 1 0
github.com/ethereum/go-ethereum/core/transaction_pool.go:241.16,243.3 1 1
github.com/ethereum/go-ethereum/core/transaction_pool.go:246.26,248.31 2 0
github.com/ethereum/go-ethereum/core/transaction_pool.go:255.3,257.69 3 0
github.com/ethereum/go-ethereum/core/transaction_pool.go:248.31,250.4 1 0
github.com/ethereum/go-ethereum/core/transaction_pool.go:250.4,252.4 1 0
github.com/ethereum/go-ethereum/core/transaction_pool.go:264.70,266.29 2 1
github.com/ethereum/go-ethereum/core/transaction_pool.go:269.2,269.29 1 1
github.com/ethereum/go-ethereum/core/transaction_pool.go:266.29,268.3 1 1
github.com/ethereum/go-ethereum/core/transaction_pool.go:273.89,275.30 1 1
github.com/ethereum/go-ethereum/core/transaction_pool.go:279.2,279.38 1 1
github.com/ethereum/go-ethereum/core/transaction_pool.go:275.30,277.3 1 0
github.com/ethereum/go-ethereum/core/transaction_pool.go:279.38,289.3 3 1
github.com/ethereum/go-ethereum/core/transaction_pool.go:293.60,298.16 4 1
github.com/ethereum/go-ethereum/core/transaction_pool.go:303.2,303.8 1 1
github.com/ethereum/go-ethereum/core/transaction_pool.go:298.16,301.3 1 1
github.com/ethereum/go-ethereum/core/transaction_pool.go:307.63,311.25 3 1
github.com/ethereum/go-ethereum/core/transaction_pool.go:321.2,321.19 1 1
github.com/ethereum/go-ethereum/core/transaction_pool.go:311.25,312.38 1 1
github.com/ethereum/go-ethereum/core/transaction_pool.go:312.38,314.4 1 0
github.com/ethereum/go-ethereum/core/transaction_pool.go:314.4,317.4 2 1
github.com/ethereum/go-ethereum/core/transaction_pool.go:326.71,328.36 1 0
github.com/ethereum/go-ethereum/core/transaction_pool.go:332.2,332.31 1 0
github.com/ethereum/go-ethereum/core/transaction_pool.go:337.2,337.12 1 0
github.com/ethereum/go-ethereum/core/transaction_pool.go:328.36,330.3 1 0
github.com/ethereum/go-ethereum/core/transaction_pool.go:332.31,333.30 1 0
github.com/ethereum/go-ethereum/core/transaction_pool.go:333.30,335.4 1 0
github.com/ethereum/go-ethereum/core/transaction_pool.go:342.64,353.34 7 0
github.com/ethereum/go-ethereum/core/transaction_pool.go:357.2,357.12 1 0
github.com/ethereum/go-ethereum/core/transaction_pool.go:353.34,356.3 2 0
github.com/ethereum/go-ethereum/core/transaction_pool.go:361.64,366.33 4 0
github.com/ethereum/go-ethereum/core/transaction_pool.go:371.2,372.12 2 0
github.com/ethereum/go-ethereum/core/transaction_pool.go:366.33,367.26 1 0
github.com/ethereum/go-ethereum/core/transaction_pool.go:367.26,369.4 1 0
github.com/ethereum/go-ethereum/core/transaction_pool.go:376.64,379.25 3 1
github.com/ethereum/go-ethereum/core/transaction_pool.go:379.25,381.3 1 1
github.com/ethereum/go-ethereum/core/transaction_pool.go:385.48,389.39 2 1
github.com/ethereum/go-ethereum/core/transaction_pool.go:389.39,390.29 1 1
github.com/ethereum/go-ethereum/core/transaction_pool.go:390.29,391.21 1 1
github.com/ethereum/go-ethereum/core/transaction_pool.go:397.4,397.9 1 1
github.com/ethereum/go-ethereum/core/transaction_pool.go:391.21,394.5 1 1
github.com/ethereum/go-ethereum/core/transaction_pool.go:394.5,396.5 1 0
github.com/ethereum/go-ethereum/core/transaction_pool.go:403.34,405.30 1 1
github.com/ethereum/go-ethereum/core/transaction_pool.go:409.2,410.39 2 1
github.com/ethereum/go-ethereum/core/transaction_pool.go:405.30,407.3 1 0
github.com/ethereum/go-ethereum/core/transaction_pool.go:410.39,415.17 3 1
github.com/ethereum/go-ethereum/core/transaction_pool.go:419.3,421.29 3 1
github.com/ethereum/go-ethereum/core/transaction_pool.go:433.3,434.26 2 1
github.com/ethereum/go-ethereum/core/transaction_pool.go:456.3,456.20 1 1
github.com/ethereum/go-ethereum/core/transaction_pool.go:415.17,418.4 2 0
github.com/ethereum/go-ethereum/core/transaction_pool.go:421.29,422.30 1 1
github.com/ethereum/go-ethereum/core/transaction_pool.go:422.30,426.5 1 1
github.com/ethereum/go-ethereum/core/transaction_pool.go:426.5,429.5 1 1
github.com/ethereum/go-ethereum/core/transaction_pool.go:434.26,436.21 1 1
github.com/ethereum/go-ethereum/core/transaction_pool.go:441.4,441.32 1 1
github.com/ethereum/go-ethereum/core/transaction_pool.go:452.4,453.46 2 1
github.com/ethereum/go-ethereum/core/transaction_pool.go:436.21,438.13 2 0
github.com/ethereum/go-ethereum/core/transaction_pool.go:441.32,442.32 1 1
github.com/ethereum/go-ethereum/core/transaction_pool.go:450.5,450.10 1 1
github.com/ethereum/go-ethereum/core/transaction_pool.go:442.32,443.30 1 0
github.com/ethereum/go-ethereum/core/transaction_pool.go:446.6,446.49 1 0
github.com/ethereum/go-ethereum/core/transaction_pool.go:443.30,445.7 1 0
github.com/ethereum/go-ethereum/core/transaction_pool.go:446.49,448.7 1 0
github.com/ethereum/go-ethereum/core/transaction_pool.go:456.20,458.4 1 1
github.com/ethereum/go-ethereum/core/transaction_pool.go:463.36,465.16 2 1
github.com/ethereum/go-ethereum/core/transaction_pool.go:469.2,469.37 1 1
github.com/ethereum/go-ethereum/core/transaction_pool.go:465.16,468.3 2 0
github.com/ethereum/go-ethereum/core/transaction_pool.go:469.37,472.40 2 1
github.com/ethereum/go-ethereum/core/transaction_pool.go:472.40,473.27 1 0
github.com/ethereum/go-ethereum/core/transaction_pool.go:476.4,476.30 1 0
github.com/ethereum/go-ethereum/core/transaction_pool.go:473.27,475.5 1 0
github.com/ethereum/go-ethereum/core/transaction_pool.go:489.38,489.55 1 1
github.com/ethereum/go-ethereum/core/transaction_pool.go:490.38,490.65 1 0
github.com/ethereum/go-ethereum/core/transaction_pool.go:491.38,491.76 1 1
