mode: set
github.com/ethereum/go-ethereum/core/vm/runtime/env.go:30.40,35.2 1 1
github.com/ethereum/go-ethereum/core/vm/runtime/env.go:37.46,39.2 1 1
github.com/ethereum/go-ethereum/core/vm/runtime/env.go:41.49,43.2 1 0
github.com/ethereum/go-ethereum/core/vm/runtime/env.go:45.44,45.66 1 0
github.com/ethereum/go-ethereum/core/vm/runtime/env.go:46.44,46.66 1 0
github.com/ethereum/go-ethereum/core/vm/runtime/env.go:47.44,47.68 1 0
github.com/ethereum/go-ethereum/core/vm/runtime/env.go:48.44,48.64 1 0
github.com/ethereum/go-ethereum/core/vm/runtime/env.go:49.44,49.70 1 0
github.com/ethereum/go-ethereum/core/vm/runtime/env.go:50.44,50.65 1 1
github.com/ethereum/go-ethereum/core/vm/runtime/env.go:51.44,51.68 1 0
github.com/ethereum/go-ethereum/core/vm/runtime/env.go:52.44,52.65 1 1
github.com/ethereum/go-ethereum/core/vm/runtime/env.go:53.48,55.2 1 0
github.com/ethereum/go-ethereum/core/vm/runtime/env.go:56.38,58.2 1 0
github.com/ethereum/go-ethereum/core/vm/runtime/env.go:59.34,59.55 1 1
github.com/ethereum/go-ethereum/core/vm/runtime/env.go:60.34,60.52 1 1
github.com/ethereum/go-ethereum/core/vm/runtime/env.go:61.74,63.2 1 1
github.com/ethereum/go-ethereum/core/vm/runtime/env.go:64.45,66.2 1 1
github.com/ethereum/go-ethereum/core/vm/runtime/env.go:67.48,69.2 1 0
github.com/ethereum/go-ethereum/core/vm/runtime/env.go:71.65,73.2 1 1
github.com/ethereum/go-ethereum/core/vm/runtime/env.go:75.124,81.2 3 1
github.com/ethereum/go-ethereum/core/vm/runtime/env.go:82.128,84.2 1 0
github.com/ethereum/go-ethereum/core/vm/runtime/env.go:86.121,88.2 1 0
github.com/ethereum/go-ethereum/core/vm/runtime/runtime.go:28.31,29.27 1 1
github.com/ethereum/go-ethereum/core/vm/runtime/runtime.go:32.2,32.21 1 1
github.com/ethereum/go-ethereum/core/vm/runtime/runtime.go:35.2,35.20 1 1
github.com/ethereum/go-ethereum/core/vm/runtime/runtime.go:38.2,38.22 1 1
github.com/ethereum/go-ethereum/core/vm/runtime/runtime.go:41.2,41.22 1 1
github.com/ethereum/go-ethereum/core/vm/runtime/runtime.go:44.2,44.26 1 1
github.com/ethereum/go-ethereum/core/vm/runtime/runtime.go:29.27,31.3 1 1
github.com/ethereum/go-ethereum/core/vm/runtime/runtime.go:32.21,34.3 1 1
github.com/ethereum/go-ethereum/core/vm/runtime/runtime.go:35.20,37.3 1 1
github.com/ethereum/go-ethereum/core/vm/runtime/runtime.go:38.22,40.3 1 1
github.com/ethereum/go-ethereum/core/vm/runtime/runtime.go:41.22,43.3 1 1
github.com/ethereum/go-ethereum/core/vm/runtime/runtime.go:44.26,45.46 1 1
github.com/ethereum/go-ethereum/core/vm/runtime/runtime.go:45.46,47.4 1 0
github.com/ethereum/go-ethereum/core/vm/runtime/runtime.go:51.63,52.16 1 1
github.com/ethereum/go-ethereum/core/vm/runtime/runtime.go:55.2,57.46 2 1
github.com/ethereum/go-ethereum/core/vm/runtime/runtime.go:63.2,85.15 7 1
github.com/ethereum/go-ethereum/core/vm/runtime/runtime.go:88.2,88.17 1 1
github.com/ethereum/go-ethereum/core/vm/runtime/runtime.go:52.16,54.3 1 1
github.com/ethereum/go-ethereum/core/vm/runtime/runtime.go:57.46,61.3 3 1
github.com/ethereum/go-ethereum/core/vm/runtime/runtime.go:85.15,87.3 1 1
